Using pre-set license
Built from '2021.1/staging' branch; Version is '2021.1.7f1 (d91830b65d9b) revision 14227504'; Using compiler version '192528614'; Build Type 'Release'
OS: 'Windows 10 Pro; OS build 22000.556; Version 2009; 64bit' Language: 'en' Physical Memory: 4014 MB
BatchMode: 1, IsHumanControllingUs: 0, StartBugReporterOnCrash: 0, Is64bit: 1, IsPro: 0

 COMMAND LINE ARGUMENTS:
C:\Program Files\Unity 2021.1.7f1\Editor\Unity.exe
-adb2
-batchMode
-noUpm
-name
AssetImportWorker5
-projectPath
C:/Users/Sony/OneDrive/Desktop/Project/Project
-logFile
Logs/AssetImportWorker5.log
-srvPort
64433
Successfully changed project path to: C:/Users/Sony/OneDrive/Desktop/Project/Project
C:/Users/Sony/OneDrive/Desktop/Project/Project
Using Asset Import Pipeline V2.
Refreshing native plugins compatible for Editor in 168.79 ms, found 1 plugins.
Preloading 0 native plugins for Editor in 0.00 ms.
Initialize engine version: 2021.1.7f1 (d91830b65d9b)
[Subsystems] Discovering subsystems at path C:/Program Files/Unity 2021.1.7f1/Editor/Data/Resources/UnitySubsystems
[Subsystems] Discovering subsystems at path C:/Users/Sony/OneDrive/Desktop/Project/Project/Assets
GfxDevice: creating device client; threaded=0; jobified=0
Direct3D:
    Version:  Direct3D 11.0 [level 10.1]
    Renderer: NVIDIA GeForce GT 330M   (ID=0xa2b)
    Vendor:   NVIDIA
    VRAM:     459 MB
    Driver:   21.21.13.4201
Initialize mono
Mono path[0] = 'C:/Program Files/Unity 2021.1.7f1/Editor/Data/Managed'
Mono path[1] = 'C:/Program Files/Unity 2021.1.7f1/Editor/Data/MonoBleedingEdge/lib/mono/unityjit'
Mono config path = 'C:/Program Files/Unity 2021.1.7f1/Editor/Data/MonoBleedingEdge/etc'
Using monoOptions --debugger-agent=transport=dt_socket,embedding=1,server=y,suspend=n,address=127.0.0.1:56616
Begin MonoManager ReloadAssembly
Registering precompiled unity dll's ...
Register platform support module: C:/Program Files/Unity 2021.1.7f1/Editor/Data/PlaybackEngines/WebGLSupport/UnityEditor.WebGL.Extensions.dll
Register platform support module: C:/Program Files/Unity 2021.1.7f1/Editor/Data/PlaybackEngines/MacStandaloneSupport/UnityEditor.OSXStandalone.Extensions.dll
Register platform support module: C:/Program Files/Unity 2021.1.7f1/Editor/Data/PlaybackEngines/WindowsStandaloneSupport/UnityEditor.WindowsStandalone.Extensions.dll
Register platform support module: C:/Program Files/Unity 2021.1.7f1/Editor/Data/PlaybackEngines/LinuxStandaloneSupport/UnityEditor.LinuxStandalone.Extensions.dll
Registered in 0.007656 seconds.
Native extension for LinuxStandalone target not found
Native extension for WindowsStandalone target not found
Native extension for OSXStandalone target not found
Native extension for WebGL target not found
Refreshing native plugins compatible for Editor in 165.59 ms, found 1 plugins.
Preloading 0 native plugins for Editor in 0.00 ms.
Mono: successfully reloaded assembly
- Completed reload, in  3.525 seconds
Platform modules already initialized, skipping
Registering precompiled user dll's ...
Registered in 0.009099 seconds.
Begin MonoManager ReloadAssembly
Symbol file LoadedFromMemory doesn't match image C:\Users\Sony\OneDrive\Desktop\Project\Project\Library\PackageCache\com.unity.visualscripting@1.6.1\Editor\VisualScripting.Core\Dependencies\YamlDotNet\Unity.VisualScripting.YamlDotNet.dll
Symbol file LoadedFromMemory doesn't match image C:\Users\Sony\OneDrive\Desktop\Project\Project\Library\PackageCache\com.unity.visualscripting@1.6.1\Editor\VisualScripting.Core\Dependencies\DotNetZip\Unity.VisualScripting.IonicZip.dll
Native extension for LinuxStandalone target not found
Native extension for WindowsStandalone target not found
Native extension for OSXStandalone target not found
Native extension for WebGL target not found
Refreshing native plugins compatible for Editor in 1.56 ms, found 1 plugins.
Preloading 0 native plugins for Editor in 0.00 ms.
Mono: successfully reloaded assembly
- Completed reload, in  2.340 seconds
Platform modules already initialized, skipping
========================================================================
Worker process is ready to serve import requests
Launched and connected shader compiler UnityShaderCompiler.exe after 0.39 seconds
Refreshing native plugins compatible for Editor in 1.62 ms, found 1 plugins.
Preloading 0 native plugins for Editor in 0.00 ms.
Unloading 2840 Unused Serialized files (Serialized files now loaded: 0)
System memory in use before: 105.0 MB.
System memory in use after: 105.1 MB.

Unloading 16 unused Assets to reduce memory usage. Loaded Objects now: 3299.
Total: 5.117900 ms (FindLiveObjects: 0.876100 ms CreateObjectMapping: 0.384400 ms MarkObjects: 3.680000 ms  DeleteObjects: 0.173800 ms)

========================================================================
Received Import Request.
  path: Assets/Aim.controller
  artifactKey: Guid(cf30d3b2a93ef5c4694e83d91976c634) Importer(815301076,1909f56bfc062723c751e8b465ee728b)
Start importing Assets/Aim.controller using Guid(cf30d3b2a93ef5c4694e83d91976c634) Importer(815301076,1909f56bfc062723c751e8b465ee728b)  -> (artifact id: '491aeb241ed8af6a844e8245bb439537') in 0.290865 seconds 
========================================================================
Received Import Request.
  Time since last request: 383.151748 seconds.
  path: Assets/Camera.controller
  artifactKey: Guid(99005c86612fd7a419334b600536df4e) Importer(815301076,1909f56bfc062723c751e8b465ee728b)
Start importing Assets/Camera.controller using Guid(99005c86612fd7a419334b600536df4e) Importer(815301076,1909f56bfc062723c751e8b465ee728b)  -> (artifact id: '7946d60e74b7f7f6904a4c16a61d4869') in 0.112560 seconds 
========================================================================
Received Import Request.
  Time since last request: 220.507877 seconds.
  path: Assets/Camera.controller
  artifactKey: Guid(99005c86612fd7a419334b600536df4e) Importer(815301076,1909f56bfc062723c751e8b465ee728b)
Start importing Assets/Camera.controller using Guid(99005c86612fd7a419334b600536df4e) Importer(815301076,1909f56bfc062723c751e8b465ee728b)  -> (artifact id: '3b49169758689c89c08d99e109e4d50a') in 0.106512 seconds 
========================================================================
Received Prepare
Registering precompiled user dll's ...
Registered in 0.245980 seconds.
Begin MonoManager ReloadAssembly
Symbol file LoadedFromMemory doesn't match image C:\Users\Sony\OneDrive\Desktop\Project\Project\Library\PackageCache\com.unity.visualscripting@1.6.1\Editor\VisualScripting.Core\Dependencies\YamlDotNet\Unity.VisualScripting.YamlDotNet.dll
Symbol file LoadedFromMemory doesn't match image C:\Users\Sony\OneDrive\Desktop\Project\Project\Library\PackageCache\com.unity.visualscripting@1.6.1\Editor\VisualScripting.Core\Dependencies\DotNetZip\Unity.VisualScripting.IonicZip.dll
Native extension for LinuxStandalone target not found
Native extension for WindowsStandalone target not found
Native extension for OSXStandalone target not found
Native extension for WebGL target not found
Refreshing native plugins compatible for Editor in 1.98 ms, found 1 plugins.
Preloading 0 native plugins for Editor in 0.00 ms.
Mono: successfully reloaded assembly
- Completed reload, in  2.755 seconds
Platform modules already initialized, skipping
Refreshing native plugins compatible for Editor in 1.65 ms, found 1 plugins.
Preloading 0 native plugins for Editor in 0.00 ms.
Unloading 2831 Unused Serialized files (Serialized files now loaded: 0)
System memory in use before: 104.6 MB.
System memory in use after: 104.8 MB.

Unloading 11 unused Assets to reduce memory usage. Loaded Objects now: 3301.
Total: 5.017900 ms (FindLiveObjects: 0.487900 ms CreateObjectMapping: 0.216600 ms MarkObjects: 4.189300 ms  DeleteObjects: 0.121000 ms)

========================================================================
Received Prepare
Registering precompiled user dll's ...
Registered in 0.007707 seconds.
Begin MonoManager ReloadAssembly
Symbol file LoadedFromMemory doesn't match image C:\Users\Sony\OneDrive\Desktop\Project\Project\Library\PackageCache\com.unity.visualscripting@1.6.1\Editor\VisualScripting.Core\Dependencies\YamlDotNet\Unity.VisualScripting.YamlDotNet.dll
Symbol file LoadedFromMemory doesn't match image C:\Users\Sony\OneDrive\Desktop\Project\Project\Library\PackageCache\com.unity.visualscripting@1.6.1\Editor\VisualScripting.Core\Dependencies\DotNetZip\Unity.VisualScripting.IonicZip.dll
Native extension for LinuxStandalone target not found
Native extension for WindowsStandalone target not found
Native extension for OSXStandalone target not found
Native extension for WebGL target not found
Refreshing native plugins compatible for Editor in 1.23 ms, found 1 plugins.
Preloading 0 native plugins for Editor in 0.00 ms.
Mono: successfully reloaded assembly
- Completed reload, in  2.223 seconds
Platform modules already initialized, skipping
Refreshing native plugins compatible for Editor in 1.65 ms, found 1 plugins.
Preloading 0 native plugins for Editor in 0.00 ms.
Unloading 2831 Unused Serialized files (Serialized files now loaded: 0)
System memory in use before: 104.7 MB.
System memory in use after: 104.9 MB.

Unloading 11 unused Assets to reduce memory usage. Loaded Objects now: 3303.
Total: 7.707700 ms (FindLiveObjects: 0.847600 ms CreateObjectMapping: 0.382500 ms MarkObjects: 6.307300 ms  DeleteObjects: 0.166100 ms)

========================================================================
Received Prepare
Registering precompiled user dll's ...
Registered in 0.007905 seconds.
Begin MonoManager ReloadAssembly
Symbol file LoadedFromMemory doesn't match image C:\Users\Sony\OneDrive\Desktop\Project\Project\Library\PackageCache\com.unity.visualscripting@1.6.1\Editor\VisualScripting.Core\Dependencies\YamlDotNet\Unity.VisualScripting.YamlDotNet.dll
Symbol file LoadedFromMemory doesn't match image C:\Users\Sony\OneDrive\Desktop\Project\Project\Library\PackageCache\com.unity.visualscripting@1.6.1\Editor\VisualScripting.Core\Dependencies\DotNetZip\Unity.VisualScripting.IonicZip.dll
Native extension for LinuxStandalone target not found
Native extension for WindowsStandalone target not found
Native extension for OSXStandalone target not found
Native extension for WebGL target not found
Refreshing native plugins compatible for Editor in 1.56 ms, found 1 plugins.
Preloading 0 native plugins for Editor in 0.00 ms.
Mono: successfully reloaded assembly
- Completed reload, in  2.235 seconds
Platform modules already initialized, skipping
Refreshing native plugins compatible for Editor in 1.66 ms, found 1 plugins.
Preloading 0 native plugins for Editor in 0.00 ms.
Unloading 2831 Unused Serialized files (Serialized files now loaded: 0)
System memory in use before: 104.7 MB.
System memory in use after: 104.9 MB.

Unloading 11 unused Assets to reduce memory usage. Loaded Objects now: 3305.
Total: 7.313100 ms (FindLiveObjects: 0.849800 ms CreateObjectMapping: 0.300400 ms MarkObjects: 5.973500 ms  DeleteObjects: 0.185100 ms)

========================================================================
Received Prepare
Registering precompiled user dll's ...
Registered in 0.283988 seconds.
Begin MonoManager ReloadAssembly
Symbol file LoadedFromMemory doesn't match image C:\Users\Sony\OneDrive\Desktop\Project\Project\Library\PackageCache\com.unity.visualscripting@1.6.1\Editor\VisualScripting.Core\Dependencies\YamlDotNet\Unity.VisualScripting.YamlDotNet.dll
Symbol file LoadedFromMemory doesn't match image C:\Users\Sony\OneDrive\Desktop\Project\Project\Library\PackageCache\com.unity.visualscripting@1.6.1\Editor\VisualScripting.Core\Dependencies\DotNetZip\Unity.VisualScripting.IonicZip.dll
Native extension for LinuxStandalone target not found
Native extension for WindowsStandalone target not found
Native extension for OSXStandalone target not found
Native extension for WebGL target not found
Refreshing native plugins compatible for Editor in 1.76 ms, found 1 plugins.
Preloading 0 native plugins for Editor in 0.00 ms.
Mono: successfully reloaded assembly
- Completed reload, in 23.850 seconds
Platform modules already initialized, skipping
Refreshing native plugins compatible for Editor in 1.80 ms, found 1 plugins.
Preloading 0 native plugins for Editor in 0.00 ms.
Unloading 2831 Unused Serialized files (Serialized files now loaded: 0)
System memory in use before: 104.7 MB.
System memory in use after: 104.9 MB.

Unloading 11 unused Assets to reduce memory usage. Loaded Objects now: 3307.
Total: 74.548400 ms (FindLiveObjects: 0.529400 ms CreateObjectMapping: 0.212200 ms MarkObjects: 12.900000 ms  DeleteObjects: 60.902000 ms)

========================================================================
Received Import Request.
  Time since last request: 3607.906165 seconds.
  path: Assets/Aim.controller
  artifactKey: Guid(cf30d3b2a93ef5c4694e83d91976c634) Importer(815301076,1909f56bfc062723c751e8b465ee728b)
Start importing Assets/Aim.controller using Guid(cf30d3b2a93ef5c4694e83d91976c634) Importer(815301076,1909f56bfc062723c751e8b465ee728b)  -> (artifact id: '8aba0963fb20940342c105e1f00cb9c3') in 1.183837 seconds 
========================================================================
Received Prepare
Registering precompiled user dll's ...
Registered in 0.353099 seconds.
Begin MonoManager ReloadAssembly
Symbol file LoadedFromMemory doesn't match image C:\Users\Sony\OneDrive\Desktop\Project\Project\Library\PackageCache\com.unity.visualscripting@1.6.1\Editor\VisualScripting.Core\Dependencies\YamlDotNet\Unity.VisualScripting.YamlDotNet.dll
Symbol file LoadedFromMemory doesn't match image C:\Users\Sony\OneDrive\Desktop\Project\Project\Library\PackageCache\com.unity.visualscripting@1.6.1\Editor\VisualScripting.Core\Dependencies\DotNetZip\Unity.VisualScripting.IonicZip.dll
Native extension for LinuxStandalone target not found
Native extension for WindowsStandalone target not found
Native extension for OSXStandalone target not found
Native extension for WebGL target not found
Refreshing native plugins compatible for Editor in 1.29 ms, found 1 plugins.
Preloading 0 native plugins for Editor in 0.00 ms.
Mono: successfully reloaded assembly
- Completed reload, in  2.912 seconds
Platform modules already initialized, skipping
Refreshing native plugins compatible for Editor in 1.35 ms, found 1 plugins.
Preloading 0 native plugins for Editor in 0.00 ms.
Unloading 2831 Unused Serialized files (Serialized files now loaded: 0)
System memory in use before: 104.8 MB.
System memory in use after: 104.9 MB.

Unloading 11 unused Assets to reduce memory usage. Loaded Objects now: 3309.
Total: 6.930200 ms (FindLiveObjects: 0.581200 ms CreateObjectMapping: 0.312400 ms MarkObjects: 5.907600 ms  DeleteObjects: 0.124800 ms)

========================================================================
Received Prepare
Registering precompiled user dll's ...
Registered in 0.015820 seconds.
Begin MonoManager ReloadAssembly
Symbol file LoadedFromMemory doesn't match image C:\Users\Sony\OneDrive\Desktop\Project\Project\Library\PackageCache\com.unity.visualscripting@1.6.1\Editor\VisualScripting.Core\Dependencies\YamlDotNet\Unity.VisualScripting.YamlDotNet.dll
Symbol file LoadedFromMemory doesn't match image C:\Users\Sony\OneDrive\Desktop\Project\Project\Library\PackageCache\com.unity.visualscripting@1.6.1\Editor\VisualScripting.Core\Dependencies\DotNetZip\Unity.VisualScripting.IonicZip.dll
Native extension for LinuxStandalone target not found
Native extension for WindowsStandalone target not found
Native extension for OSXStandalone target not found
Native extension for WebGL target not found
Refreshing native plugins compatible for Editor in 1.40 ms, found 1 plugins.
Preloading 0 native plugins for Editor in 0.00 ms.
Mono: successfully reloaded assembly
- Completed reload, in 12.762 seconds
Platform modules already initialized, skipping
Refreshing native plugins compatible for Editor in 2.33 ms, found 1 plugins.
Preloading 0 native plugins for Editor in 0.00 ms.
Unloading 2831 Unused Serialized files (Serialized files now loaded: 0)
System memory in use before: 104.8 MB.
System memory in use after: 104.9 MB.

Unloading 11 unused Assets to reduce memory usage. Loaded Objects now: 3311.
Total: 26.072800 ms (FindLiveObjects: 0.511300 ms CreateObjectMapping: 0.212100 ms MarkObjects: 4.287100 ms  DeleteObjects: 21.057600 ms)

========================================================================
Received Prepare
Registering precompiled user dll's ...
Registered in 0.008151 seconds.
Begin MonoManager ReloadAssembly
Symbol file LoadedFromMemory doesn't match image C:\Users\Sony\OneDrive\Desktop\Project\Project\Library\PackageCache\com.unity.visualscripting@1.6.1\Editor\VisualScripting.Core\Dependencies\YamlDotNet\Unity.VisualScripting.YamlDotNet.dll
Symbol file LoadedFromMemory doesn't match image C:\Users\Sony\OneDrive\Desktop\Project\Project\Library\PackageCache\com.unity.visualscripting@1.6.1\Editor\VisualScripting.Core\Dependencies\DotNetZip\Unity.VisualScripting.IonicZip.dll
Native extension for LinuxStandalone target not found
Native extension for WindowsStandalone target not found
Native extension for OSXStandalone target not found
Native extension for WebGL target not found
Refreshing native plugins compatible for Editor in 1.26 ms, found 1 plugins.
Preloading 0 native plugins for Editor in 0.00 ms.
Mono: successfully reloaded assembly
- Completed reload, in  2.704 seconds
Platform modules already initialized, skipping
Refreshing native plugins compatible for Editor in 1.42 ms, found 1 plugins.
Preloading 0 native plugins for Editor in 0.00 ms.
Unloading 2831 Unused Serialized files (Serialized files now loaded: 0)
System memory in use before: 104.8 MB.
System memory in use after: 105.0 MB.

Unloading 11 unused Assets to reduce memory usage. Loaded Objects now: 3313.
Total: 7.598700 ms (FindLiveObjects: 0.929600 ms CreateObjectMapping: 0.348700 ms MarkObjects: 6.158900 ms  DeleteObjects: 0.157400 ms)

========================================================================
Received Prepare
Registering precompiled user dll's ...
Registered in 0.010469 seconds.
Begin MonoManager ReloadAssembly
Symbol file LoadedFromMemory doesn't match image C:\Users\Sony\OneDrive\Desktop\Project\Project\Library\PackageCache\com.unity.visualscripting@1.6.1\Editor\VisualScripting.Core\Dependencies\YamlDotNet\Unity.VisualScripting.YamlDotNet.dll
Symbol file LoadedFromMemory doesn't match image C:\Users\Sony\OneDrive\Desktop\Project\Project\Library\PackageCache\com.unity.visualscripting@1.6.1\Editor\VisualScripting.Core\Dependencies\DotNetZip\Unity.VisualScripting.IonicZip.dll
Native extension for LinuxStandalone target not found
Native extension for WindowsStandalone target not found
Native extension for OSXStandalone target not found
Native extension for WebGL target not found
Refreshing native plugins compatible for Editor in 1.27 ms, found 1 plugins.
Preloading 0 native plugins for Editor in 0.00 ms.
Mono: successfully reloaded assembly
- Completed reload, in  2.548 seconds
Platform modules already initialized, skipping
Refreshing native plugins compatible for Editor in 2.36 ms, found 1 plugins.
Preloading 0 native plugins for Editor in 0.00 ms.
Unloading 2831 Unused Serialized files (Serialized files now loaded: 0)
System memory in use before: 104.8 MB.
System memory in use after: 105.0 MB.

Unloading 11 unused Assets to reduce memory usage. Loaded Objects now: 3315.
Total: 12.363200 ms (FindLiveObjects: 1.745500 ms CreateObjectMapping: 0.775200 ms MarkObjects: 9.652500 ms  DeleteObjects: 0.185200 ms)

========================================================================
Received Prepare
Registering precompiled user dll's ...
Registered in 0.008521 seconds.
Begin MonoManager ReloadAssembly
Symbol file LoadedFromMemory doesn't match image C:\Users\Sony\OneDrive\Desktop\Project\Project\Library\PackageCache\com.unity.visualscripting@1.6.1\Editor\VisualScripting.Core\Dependencies\YamlDotNet\Unity.VisualScripting.YamlDotNet.dll
Symbol file LoadedFromMemory doesn't match image C:\Users\Sony\OneDrive\Desktop\Project\Project\Library\PackageCache\com.unity.visualscripting@1.6.1\Editor\VisualScripting.Core\Dependencies\DotNetZip\Unity.VisualScripting.IonicZip.dll
Native extension for LinuxStandalone target not found
Native extension for WindowsStandalone target not found
Native extension for OSXStandalone target not found
Native extension for WebGL target not found
Refreshing native plugins compatible for Editor in 1.63 ms, found 1 plugins.
Preloading 0 native plugins for Editor in 0.00 ms.
Mono: successfully reloaded assembly
- Completed reload, in  2.493 seconds
Platform modules already initialized, skipping
Refreshing native plugins compatible for Editor in 1.82 ms, found 1 plugins.
Preloading 0 native plugins for Editor in 0.00 ms.
Unloading 2831 Unused Serialized files (Serialized files now loaded: 0)
System memory in use before: 104.8 MB.
System memory in use after: 105.0 MB.

Unloading 11 unused Assets to reduce memory usage. Loaded Objects now: 3317.
Total: 7.541400 ms (FindLiveObjects: 0.922000 ms CreateObjectMapping: 0.357000 ms MarkObjects: 6.059100 ms  DeleteObjects: 0.199000 ms)

========================================================================
Received Prepare
Registering precompiled user dll's ...
Registered in 0.007831 seconds.
Begin MonoManager ReloadAssembly
Symbol file LoadedFromMemory doesn't match image C:\Users\Sony\OneDrive\Desktop\Project\Project\Library\PackageCache\com.unity.visualscripting@1.6.1\Editor\VisualScripting.Core\Dependencies\YamlDotNet\Unity.VisualScripting.YamlDotNet.dll
Symbol file LoadedFromMemory doesn't match image C:\Users\Sony\OneDrive\Desktop\Project\Project\Library\PackageCache\com.unity.visualscripting@1.6.1\Editor\VisualScripting.Core\Dependencies\DotNetZip\Unity.VisualScripting.IonicZip.dll
Native extension for LinuxStandalone target not found
Native extension for WindowsStandalone target not found
Native extension for OSXStandalone target not found
Native extension for WebGL target not found
Refreshing native plugins compatible for Editor in 1.37 ms, found 1 plugins.
Preloading 0 native plugins for Editor in 0.00 ms.
Mono: successfully reloaded assembly
- Completed reload, in  2.577 seconds
Platform modules already initialized, skipping
Refreshing native plugins compatible for Editor in 1.76 ms, found 1 plugins.
Preloading 0 native plugins for Editor in 0.00 ms.
Unloading 2831 Unused Serialized files (Serialized files now loaded: 0)
System memory in use before: 104.8 MB.
System memory in use after: 105.0 MB.

Unloading 11 unused Assets to reduce memory usage. Loaded Objects now: 3319.
Total: 14.807600 ms (FindLiveObjects: 0.977900 ms CreateObjectMapping: 4.539200 ms MarkObjects: 8.976600 ms  DeleteObjects: 0.309500 ms)

========================================================================
Received Import Request.
  Time since last request: 20481.320702 seconds.
  path: Assets/Camera.controller
  artifactKey: Guid(99005c86612fd7a419334b600536df4e) Importer(815301076,1909f56bfc062723c751e8b465ee728b)
Start importing Assets/Camera.controller using Guid(99005c86612fd7a419334b600536df4e) Importer(815301076,1909f56bfc062723c751e8b465ee728b)  -> (artifact id: '79f9e0fb74ebebb2a3c9d95783d45c1a') in 0.294351 seconds 
========================================================================
Received Prepare
Registering precompiled user dll's ...
Registered in 0.009770 seconds.
Begin MonoManager ReloadAssembly
Symbol file LoadedFromMemory doesn't match image C:\Users\Sony\OneDrive\Desktop\Project\Project\Library\PackageCache\com.unity.visualscripting@1.6.1\Editor\VisualScripting.Core\Dependencies\YamlDotNet\Unity.VisualScripting.YamlDotNet.dll
Symbol file LoadedFromMemory doesn't match image C:\Users\Sony\OneDrive\Desktop\Project\Project\Library\PackageCache\com.unity.visualscripting@1.6.1\Editor\VisualScripting.Core\Dependencies\DotNetZip\Unity.VisualScripting.IonicZip.dll
Native extension for LinuxStandalone target not found
Native extension for WindowsStandalone target not found
Native extension for OSXStandalone target not found
Native extension for WebGL target not found
Refreshing native plugins compatible for Editor in 1.25 ms, found 1 plugins.
Preloading 0 native plugins for Editor in 0.00 ms.
Mono: successfully reloaded assembly
- Completed reload, in  2.285 seconds
Platform modules already initialized, skipping
Refreshing native plugins compatible for Editor in 2.26 ms, found 1 plugins.
Preloading 0 native plugins for Editor in 0.00 ms.
Unloading 2831 Unused Serialized files (Serialized files now loaded: 0)
System memory in use before: 104.8 MB.
System memory in use after: 105.0 MB.

Unloading 11 unused Assets to reduce memory usage. Loaded Objects now: 3321.
Total: 6.799700 ms (FindLiveObjects: 0.642100 ms CreateObjectMapping: 0.394600 ms MarkObjects: 5.590700 ms  DeleteObjects: 0.168500 ms)

========================================================================
Received Prepare
Registering precompiled user dll's ...
Registered in 0.010916 seconds.
Begin MonoManager ReloadAssembly
Symbol file LoadedFromMemory doesn't match image C:\Users\Sony\OneDrive\Desktop\Project\Project\Library\PackageCache\com.unity.visualscripting@1.6.1\Editor\VisualScripting.Core\Dependencies\YamlDotNet\Unity.VisualScripting.YamlDotNet.dll
Symbol file LoadedFromMemory doesn't match image C:\Users\Sony\OneDrive\Desktop\Project\Project\Library\PackageCache\com.unity.visualscripting@1.6.1\Editor\VisualScripting.Core\Dependencies\DotNetZip\Unity.VisualScripting.IonicZip.dll
Native extension for LinuxStandalone target not found
Native extension for WindowsStandalone target not found
Native extension for OSXStandalone target not found
Native extension for WebGL target not found
Refreshing native plugins compatible for Editor in 1.98 ms, found 1 plugins.
Preloading 0 native plugins for Editor in 0.00 ms.
Mono: successfully reloaded assembly
- Completed reload, in  2.412 seconds
Platform modules already initialized, skipping
Refreshing native plugins compatible for Editor in 2.06 ms, found 1 plugins.
Preloading 0 native plugins for Editor in 0.00 ms.
Unloading 2831 Unused Serialized files (Serialized files now loaded: 0)
System memory in use before: 104.8 MB.
System memory in use after: 105.0 MB.

Unloading 11 unused Assets to reduce memory usage. Loaded Objects now: 3323.
Total: 7.228900 ms (FindLiveObjects: 0.719100 ms CreateObjectMapping: 0.303400 ms MarkObjects: 6.031800 ms  DeleteObjects: 0.170600 ms)

========================================================================
Received Prepare
Registering precompiled user dll's ...
Registered in 0.010269 seconds.
Begin MonoManager ReloadAssembly
Symbol file LoadedFromMemory doesn't match image C:\Users\Sony\OneDrive\Desktop\Project\Project\Library\PackageCache\com.unity.visualscripting@1.6.1\Editor\VisualScripting.Core\Dependencies\YamlDotNet\Unity.VisualScripting.YamlDotNet.dll
Symbol file LoadedFromMemory doesn't match image C:\Users\Sony\OneDrive\Desktop\Project\Project\Library\PackageCache\com.unity.visualscripting@1.6.1\Editor\VisualScripting.Core\Dependencies\DotNetZip\Unity.VisualScripting.IonicZip.dll
Native extension for LinuxStandalone target not found
Native extension for WindowsStandalone target not found
Native extension for OSXStandalone target not found
Native extension for WebGL target not found
Refreshing native plugins compatible for Editor in 2.01 ms, found 1 plugins.
Preloading 0 native plugins for Editor in 0.00 ms.
Mono: successfully reloaded assembly
- Completed reload, in  2.076 seconds
Platform modules already initialized, skipping
Refreshing native plugins compatible for Editor in 3.20 ms, found 1 plugins.
Preloading 0 native plugins for Editor in 0.00 ms.
Unloading 2831 Unused Serialized files (Serialized files now loaded: 0)
System memory in use before: 104.8 MB.
System memory in use after: 105.0 MB.

Unloading 11 unused Assets to reduce memory usage. Loaded Objects now: 3325.
Total: 8.524000 ms (FindLiveObjects: 1.880200 ms CreateObjectMapping: 0.514800 ms MarkObjects: 5.956500 ms  DeleteObjects: 0.168500 ms)

========================================================================
Received Prepare
Registering precompiled user dll's ...
Registered in 0.008270 seconds.
Begin MonoManager ReloadAssembly
Symbol file LoadedFromMemory doesn't match image C:\Users\Sony\OneDrive\Desktop\Project\Project\Library\PackageCache\com.unity.visualscripting@1.6.1\Editor\VisualScripting.Core\Dependencies\YamlDotNet\Unity.VisualScripting.YamlDotNet.dll
Symbol file LoadedFromMemory doesn't match image C:\Users\Sony\OneDrive\Desktop\Project\Project\Library\PackageCache\com.unity.visualscripting@1.6.1\Editor\VisualScripting.Core\Dependencies\DotNetZip\Unity.VisualScripting.IonicZip.dll
Native extension for LinuxStandalone target not found
Native extension for WindowsStandalone target not found
Native extension for OSXStandalone target not found
Native extension for WebGL target not found
Refreshing native plugins compatible for Editor in 1.34 ms, found 1 plugins.
Preloading 0 native plugins for Editor in 0.00 ms.
Mono: successfully reloaded assembly
- Completed reload, in  2.601 seconds
Platform modules already initialized, skipping
Refreshing native plugins compatible for Editor in 1.88 ms, found 1 plugins.
Preloading 0 native plugins for Editor in 0.00 ms.
Unloading 2831 Unused Serialized files (Serialized files now loaded: 0)
System memory in use before: 104.8 MB.
System memory in use after: 105.0 MB.

Unloading 11 unused Assets to reduce memory usage. Loaded Objects now: 3327.
Total: 9.362100 ms (FindLiveObjects: 0.951600 ms CreateObjectMapping: 0.364900 ms MarkObjects: 6.739200 ms  DeleteObjects: 1.301400 ms)

========================================================================
Received Prepare
Registering precompiled user dll's ...
Registered in 0.007707 seconds.
Begin MonoManager ReloadAssembly
Symbol file LoadedFromMemory doesn't match image C:\Users\Sony\OneDrive\Desktop\Project\Project\Library\PackageCache\com.unity.visualscripting@1.6.1\Editor\VisualScripting.Core\Dependencies\YamlDotNet\Unity.VisualScripting.YamlDotNet.dll
Symbol file LoadedFromMemory doesn't match image C:\Users\Sony\OneDrive\Desktop\Project\Project\Library\PackageCache\com.unity.visualscripting@1.6.1\Editor\VisualScripting.Core\Dependencies\DotNetZip\Unity.VisualScripting.IonicZip.dll
Native extension for LinuxStandalone target not found
Native extension for WindowsStandalone target not found
Native extension for OSXStandalone target not found
Native extension for WebGL target not found
Refreshing native plugins compatible for Editor in 1.35 ms, found 1 plugins.
Preloading 0 native plugins for Editor in 0.00 ms.
Mono: successfully reloaded assembly
- Completed reload, in  2.343 seconds
Platform modules already initialized, skipping
Refreshing native plugins compatible for Editor in 1.66 ms, found 1 plugins.
Preloading 0 native plugins for Editor in 0.00 ms.
Unloading 2831 Unused Serialized files (Serialized files now loaded: 0)
System memory in use before: 104.8 MB.
System memory in use after: 105.0 MB.

Unloading 11 unused Assets to reduce memory usage. Loaded Objects now: 3329.
Total: 7.047000 ms (FindLiveObjects: 0.704300 ms CreateObjectMapping: 0.274300 ms MarkObjects: 5.890800 ms  DeleteObjects: 0.173800 ms)

========================================================================
Received Prepare
Registering precompiled user dll's ...
Registered in 0.009677 seconds.
Begin MonoManager ReloadAssembly
Symbol file LoadedFromMemory doesn't match image C:\Users\Sony\OneDrive\Desktop\Project\Project\Library\PackageCache\com.unity.visualscripting@1.6.1\Editor\VisualScripting.Core\Dependencies\YamlDotNet\Unity.VisualScripting.YamlDotNet.dll
Symbol file LoadedFromMemory doesn't match image C:\Users\Sony\OneDrive\Desktop\Project\Project\Library\PackageCache\com.unity.visualscripting@1.6.1\Editor\VisualScripting.Core\Dependencies\DotNetZip\Unity.VisualScripting.IonicZip.dll
Native extension for LinuxStandalone target not found
Native extension for WindowsStandalone target not found
Native extension for OSXStandalone target not found
Native extension for WebGL target not found
Refreshing native plugins compatible for Editor in 1.23 ms, found 1 plugins.
Preloading 0 native plugins for Editor in 0.00 ms.
Mono: successfully reloaded assembly
- Completed reload, in  2.300 seconds
Platform modules already initialized, skipping
Refreshing native plugins compatible for Editor in 1.79 ms, found 1 plugins.
Preloading 0 native plugins for Editor in 0.00 ms.
Unloading 2831 Unused Serialized files (Serialized files now loaded: 0)
System memory in use before: 104.8 MB.
System memory in use after: 105.0 MB.

Unloading 11 unused Assets to reduce memory usage. Loaded Objects now: 3331.
Total: 8.707000 ms (FindLiveObjects: 0.934700 ms CreateObjectMapping: 0.278100 ms MarkObjects: 7.327500 ms  DeleteObjects: 0.162000 ms)

========================================================================
Received Prepare
Registering precompiled user dll's ...
Registered in 0.007986 seconds.
Begin MonoManager ReloadAssembly
Symbol file LoadedFromMemory doesn't match image C:\Users\Sony\OneDrive\Desktop\Project\Project\Library\PackageCache\com.unity.visualscripting@1.6.1\Editor\VisualScripting.Core\Dependencies\YamlDotNet\Unity.VisualScripting.YamlDotNet.dll
Symbol file LoadedFromMemory doesn't match image C:\Users\Sony\OneDrive\Desktop\Project\Project\Library\PackageCache\com.unity.visualscripting@1.6.1\Editor\VisualScripting.Core\Dependencies\DotNetZip\Unity.VisualScripting.IonicZip.dll
Native extension for LinuxStandalone target not found
Native extension for WindowsStandalone target not found
Native extension for OSXStandalone target not found
Native extension for WebGL target not found
Refreshing native plugins compatible for Editor in 1.23 ms, found 1 plugins.
Preloading 0 native plugins for Editor in 0.00 ms.
Mono: successfully reloaded assembly
- Completed reload, in  2.399 seconds
Platform modules already initialized, skipping
Refreshing native plugins compatible for Editor in 1.65 ms, found 1 plugins.
Preloading 0 native plugins for Editor in 0.00 ms.
Unloading 2831 Unused Serialized files (Serialized files now loaded: 0)
System memory in use before: 104.8 MB.
System memory in use after: 105.0 MB.

Unloading 11 unused Assets to reduce memory usage. Loaded Objects now: 3333.
Total: 14.606900 ms (FindLiveObjects: 0.937300 ms CreateObjectMapping: 0.357300 ms MarkObjects: 13.149100 ms  DeleteObjects: 0.158800 ms)

========================================================================
Received Prepare
Registering precompiled user dll's ...
Registered in 0.009845 seconds.
Begin MonoManager ReloadAssembly
Symbol file LoadedFromMemory doesn't match image C:\Users\Sony\OneDrive\Desktop\Project\Project\Library\PackageCache\com.unity.visualscripting@1.6.1\Editor\VisualScripting.Core\Dependencies\YamlDotNet\Unity.VisualScripting.YamlDotNet.dll
Symbol file LoadedFromMemory doesn't match image C:\Users\Sony\OneDrive\Desktop\Project\Project\Library\PackageCache\com.unity.visualscripting@1.6.1\Editor\VisualScripting.Core\Dependencies\DotNetZip\Unity.VisualScripting.IonicZip.dll
Native extension for LinuxStandalone target not found
Native extension for WindowsStandalone target not found
Native extension for OSXStandalone target not found
Native extension for WebGL target not found
Refreshing native plugins compatible for Editor in 2.95 ms, found 1 plugins.
Preloading 0 native plugins for Editor in 0.00 ms.
Mono: successfully reloaded assembly
- Completed reload, in  2.361 seconds
Platform modules already initialized, skipping
Refreshing native plugins compatible for Editor in 1.79 ms, found 1 plugins.
Preloading 0 native plugins for Editor in 0.00 ms.
Unloading 2831 Unused Serialized files (Serialized files now loaded: 0)
System memory in use before: 104.8 MB.
System memory in use after: 105.0 MB.

Unloading 11 unused Assets to reduce memory usage. Loaded Objects now: 3335.
Total: 10.016300 ms (FindLiveObjects: 0.814600 ms CreateObjectMapping: 0.292800 ms MarkObjects: 8.731000 ms  DeleteObjects: 0.173000 ms)

========================================================================
Received Prepare
Registering precompiled user dll's ...
Registered in 0.019800 seconds.
Begin MonoManager ReloadAssembly
Symbol file LoadedFromMemory doesn't match image C:\Users\Sony\OneDrive\Desktop\Project\Project\Library\PackageCache\com.unity.visualscripting@1.6.1\Editor\VisualScripting.Core\Dependencies\YamlDotNet\Unity.VisualScripting.YamlDotNet.dll
Symbol file LoadedFromMemory doesn't match image C:\Users\Sony\OneDrive\Desktop\Project\Project\Library\PackageCache\com.unity.visualscripting@1.6.1\Editor\VisualScripting.Core\Dependencies\DotNetZip\Unity.VisualScripting.IonicZip.dll
Native extension for LinuxStandalone target not found
Native extension for WindowsStandalone target not found
Native extension for OSXStandalone target not found
Native extension for WebGL target not found
Refreshing native plugins compatible for Editor in 2.18 ms, found 1 plugins.
Preloading 0 native plugins for Editor in 0.00 ms.
Mono: successfully reloaded assembly
- Completed reload, in  2.984 seconds
Platform modules already initialized, skipping
Refreshing native plugins compatible for Editor in 2.10 ms, found 1 plugins.
Preloading 0 native plugins for Editor in 0.00 ms.
Unloading 2831 Unused Serialized files (Serialized files now loaded: 0)
System memory in use before: 104.8 MB.
System memory in use after: 105.0 MB.

Unloading 11 unused Assets to reduce memory usage. Loaded Objects now: 3337.
Total: 4.601000 ms (FindLiveObjects: 0.626300 ms CreateObjectMapping: 0.233200 ms MarkObjects: 3.620400 ms  DeleteObjects: 0.118300 ms)

========================================================================
Received Prepare
Registering precompiled user dll's ...
Registered in 0.016912 seconds.
Begin MonoManager ReloadAssembly
Symbol file LoadedFromMemory doesn't match image C:\Users\Sony\OneDrive\Desktop\Project\Project\Library\PackageCache\com.unity.visualscripting@1.6.1\Editor\VisualScripting.Core\Dependencies\YamlDotNet\Unity.VisualScripting.YamlDotNet.dll
Symbol file LoadedFromMemory doesn't match image C:\Users\Sony\OneDrive\Desktop\Project\Project\Library\PackageCache\com.unity.visualscripting@1.6.1\Editor\VisualScripting.Core\Dependencies\DotNetZip\Unity.VisualScripting.IonicZip.dll
Native extension for LinuxStandalone target not found
Native extension for WindowsStandalone target not found
Native extension for OSXStandalone target not found
Native extension for WebGL target not found
Refreshing native plugins compatible for Editor in 1.28 ms, found 1 plugins.
Preloading 0 native plugins for Editor in 0.00 ms.
Mono: successfully reloaded assembly
- Completed reload, in  3.420 seconds
Platform modules already initialized, skipping
Refreshing native plugins compatible for Editor in 2.60 ms, found 1 plugins.
Preloading 0 native plugins for Editor in 0.00 ms.
Unloading 2831 Unused Serialized files (Serialized files now loaded: 0)
System memory in use before: 104.8 MB.
System memory in use after: 105.0 MB.

Unloading 11 unused Assets to reduce memory usage. Loaded Objects now: 3339.
Total: 5.818600 ms (FindLiveObjects: 0.537300 ms CreateObjectMapping: 0.219600 ms MarkObjects: 4.931600 ms  DeleteObjects: 0.125600 ms)

========================================================================
Received Import Request.
  Time since last request: 2159.512647 seconds.
  path: Assets/Pistol Aim In.png
  artifactKey: Guid(a2fe2bb981f77b3418ba438d399ce42c) Importer(815301076,1909f56bfc062723c751e8b465ee728b)
Start importing Assets/Pistol Aim In.png using Guid(a2fe2bb981f77b3418ba438d399ce42c) Importer(815301076,1909f56bfc062723c751e8b465ee728b)  -> (artifact id: 'd20706b8cb25b9c514a6f96ea8f2f274') in 2.566658 seconds 
========================================================================
Received Import Request.
  Time since last request: 0.000713 seconds.
  path: Assets/Pistol Aim Out.png
  artifactKey: Guid(d0846e90e1bd15e47a8c21c500d1cd3f) Importer(815301076,1909f56bfc062723c751e8b465ee728b)
Start importing Assets/Pistol Aim Out.png using Guid(d0846e90e1bd15e47a8c21c500d1cd3f) Importer(815301076,1909f56bfc062723c751e8b465ee728b)  -> (artifact id: '937480b5883c79aa04d1ed9d1b6d0e1e') in 0.262908 seconds 
========================================================================
Received Import Request.
  Time since last request: 49.577968 seconds.
  path: Assets/Pistol Aim In.png
  artifactKey: Guid(a2fe2bb981f77b3418ba438d399ce42c) Importer(815301076,1909f56bfc062723c751e8b465ee728b)
Start importing Assets/Pistol Aim In.png using Guid(a2fe2bb981f77b3418ba438d399ce42c) Importer(815301076,1909f56bfc062723c751e8b465ee728b)  -> (artifact id: '5ff1cec2fe2ca8c4e83d848e3f2b0fbb') in 0.496615 seconds 
========================================================================
Received Import Request.
  Time since last request: 7.328879 seconds.
  path: Assets/Pistol Aim Out.png
  artifactKey: Guid(d0846e90e1bd15e47a8c21c500d1cd3f) Importer(815301076,1909f56bfc062723c751e8b465ee728b)
Start importing Assets/Pistol Aim Out.png using Guid(d0846e90e1bd15e47a8c21c500d1cd3f) Importer(815301076,1909f56bfc062723c751e8b465ee728b)  -> (artifact id: '9d27195bcc1820d1f60c7579f92efca6') in 0.070708 seconds 
========================================================================
Received Import Request.
  Time since last request: 135.162187 seconds.
  path: Assets/Pistol Aim In.png
  artifactKey: Guid(a2fe2bb981f77b3418ba438d399ce42c) Importer(815301076,1909f56bfc062723c751e8b465ee728b)
Start importing Assets/Pistol Aim In.png using Guid(a2fe2bb981f77b3418ba438d399ce42c) Importer(815301076,1909f56bfc062723c751e8b465ee728b)  -> (artifact id: 'a48ddf61b306f1fb76ffca3e956571fd') in 0.121934 seconds 
========================================================================
Received Import Request.
  Time since last request: 78.421501 seconds.
  path: Assets/Pistol Aim Out.png
  artifactKey: Guid(d0846e90e1bd15e47a8c21c500d1cd3f) Importer(815301076,1909f56bfc062723c751e8b465ee728b)
Start importing Assets/Pistol Aim Out.png using Guid(d0846e90e1bd15e47a8c21c500d1cd3f) Importer(815301076,1909f56bfc062723c751e8b465ee728b)  -> (artifact id: '85a560fb6149e2e87a3e41fc6a0c1cb9') in 0.102000 seconds 
========================================================================
Received Import Request.
  Time since last request: 65.967596 seconds.
  path: Assets/Bullet Hole.prefab
  artifactKey: Guid(fede9ad482c1a954285f58f40caf788e) Importer(815301076,1909f56bfc062723c751e8b465ee728b)
Start importing Assets/Bullet Hole.prefab using Guid(fede9ad482c1a954285f58f40caf788e) Importer(815301076,1909f56bfc062723c751e8b465ee728b)  -> (artifact id: '2404dfa6c8f963e52758926669cbe897') in 0.513302 seconds 
========================================================================
Received Import Request.
  Time since last request: 4.556911 seconds.
  path: Assets/Bullet Hole.prefab
  artifactKey: Guid(fede9ad482c1a954285f58f40caf788e) Importer(815301076,1909f56bfc062723c751e8b465ee728b)
Start importing Assets/Bullet Hole.prefab using Guid(fede9ad482c1a954285f58f40caf788e) Importer(815301076,1909f56bfc062723c751e8b465ee728b)  -> (artifact id: '8ec9f8197918f56c49baa911260c6e4f') in 0.083905 seconds 
========================================================================
Received Prepare
Registering precompiled user dll's ...
Registered in 0.038671 seconds.
Begin MonoManager ReloadAssembly
Symbol file LoadedFromMemory doesn't match image C:\Users\Sony\OneDrive\Desktop\Project\Project\Library\PackageCache\com.unity.visualscripting@1.6.1\Editor\VisualScripting.Core\Dependencies\YamlDotNet\Unity.VisualScripting.YamlDotNet.dll
Symbol file LoadedFromMemory doesn't match image C:\Users\Sony\OneDrive\Desktop\Project\Project\Library\PackageCache\com.unity.visualscripting@1.6.1\Editor\VisualScripting.Core\Dependencies\DotNetZip\Unity.VisualScripting.IonicZip.dll
Native extension for LinuxStandalone target not found
Native extension for WindowsStandalone target not found
Native extension for OSXStandalone target not found
Native extension for WebGL target not found
Refreshing native plugins compatible for Editor in 1.25 ms, found 1 plugins.
Preloading 0 native plugins for Editor in 0.00 ms.
Mono: successfully reloaded assembly
- Completed reload, in  2.533 seconds
Platform modules already initialized, skipping
Refreshing native plugins compatible for Editor in 1.31 ms, found 1 plugins.
Preloading 0 native plugins for Editor in 0.00 ms.
Unloading 2831 Unused Serialized files (Serialized files now loaded: 0)
System memory in use before: 110.9 MB.
System memory in use after: 111.1 MB.

Unloading 11 unused Assets to reduce memory usage. Loaded Objects now: 3434.
Total: 5.986200 ms (FindLiveObjects: 0.512600 ms CreateObjectMapping: 0.204800 ms MarkObjects: 5.136000 ms  DeleteObjects: 0.129400 ms)

========================================================================
Received Prepare
Registering precompiled user dll's ...
Registered in 0.010471 seconds.
Begin MonoManager ReloadAssembly
Symbol file LoadedFromMemory doesn't match image C:\Users\Sony\OneDrive\Desktop\Project\Project\Library\PackageCache\com.unity.visualscripting@1.6.1\Editor\VisualScripting.Core\Dependencies\YamlDotNet\Unity.VisualScripting.YamlDotNet.dll
Symbol file LoadedFromMemory doesn't match image C:\Users\Sony\OneDrive\Desktop\Project\Project\Library\PackageCache\com.unity.visualscripting@1.6.1\Editor\VisualScripting.Core\Dependencies\DotNetZip\Unity.VisualScripting.IonicZip.dll
Native extension for LinuxStandalone target not found
Native extension for WindowsStandalone target not found
Native extension for OSXStandalone target not found
Native extension for WebGL target not found
Refreshing native plugins compatible for Editor in 1.23 ms, found 1 plugins.
Preloading 0 native plugins for Editor in 0.00 ms.
Mono: successfully reloaded assembly
- Completed reload, in  2.085 seconds
Platform modules already initialized, skipping
Refreshing native plugins compatible for Editor in 1.66 ms, found 1 plugins.
Preloading 0 native plugins for Editor in 0.00 ms.
Unloading 2831 Unused Serialized files (Serialized files now loaded: 0)
System memory in use before: 110.9 MB.
System memory in use after: 111.1 MB.

Unloading 11 unused Assets to reduce memory usage. Loaded Objects now: 3436.
Total: 5.113500 ms (FindLiveObjects: 0.956100 ms CreateObjectMapping: 0.230300 ms MarkObjects: 3.750900 ms  DeleteObjects: 0.172900 ms)

