Using pre-set license
Built from '2021.1/staging' branch; Version is '2021.1.7f1 (d91830b65d9b) revision 14227504'; Using compiler version '192528614'; Build Type 'Release'
OS: 'Windows 10 Pro; OS build 22000.613; Version 2009; 64bit' Language: 'en' Physical Memory: 4014 MB
BatchMode: 1, IsHumanControllingUs: 0, StartBugReporterOnCrash: 0, Is64bit: 1, IsPro: 0

 COMMAND LINE ARGUMENTS:
C:\Program Files\Unity 2021.1.7f1\Editor\Unity.exe
-adb2
-batchMode
-noUpm
-name
AssetImportWorker2
-projectPath
C:/Users/Sina/Desktop/Project/Project
-logFile
Logs/AssetImportWorker2.log
-srvPort
56970
Successfully changed project path to: C:/Users/Sina/Desktop/Project/Project
C:/Users/Sina/Desktop/Project/Project
Using Asset Import Pipeline V2.
Refreshing native plugins compatible for Editor in 169.89 ms, found 1 plugins.
Preloading 0 native plugins for Editor in 0.00 ms.
Initialize engine version: 2021.1.7f1 (d91830b65d9b)
[Subsystems] Discovering subsystems at path C:/Program Files/Unity 2021.1.7f1/Editor/Data/Resources/UnitySubsystems
[Subsystems] Discovering subsystems at path C:/Users/Sina/Desktop/Project/Project/Assets
GfxDevice: creating device client; threaded=0; jobified=0
Direct3D:
    Version:  Direct3D 11.0 [level 10.1]
    Renderer: NVIDIA GeForce GT 330M   (ID=0xa2b)
    Vendor:   NVIDIA
    VRAM:     459 MB
    Driver:   21.21.13.4201
Initialize mono
Mono path[0] = 'C:/Program Files/Unity 2021.1.7f1/Editor/Data/Managed'
Mono path[1] = 'C:/Program Files/Unity 2021.1.7f1/Editor/Data/MonoBleedingEdge/lib/mono/unityjit'
Mono config path = 'C:/Program Files/Unity 2021.1.7f1/Editor/Data/MonoBleedingEdge/etc'
Using monoOptions --debugger-agent=transport=dt_socket,embedding=1,server=y,suspend=n,address=127.0.0.1:56712
Begin MonoManager ReloadAssembly
Registering precompiled unity dll's ...
Register platform support module: C:/Program Files/Unity 2021.1.7f1/Editor/Data/PlaybackEngines/WebGLSupport/UnityEditor.WebGL.Extensions.dll
Register platform support module: C:/Program Files/Unity 2021.1.7f1/Editor/Data/PlaybackEngines/MacStandaloneSupport/UnityEditor.OSXStandalone.Extensions.dll
Register platform support module: C:/Program Files/Unity 2021.1.7f1/Editor/Data/PlaybackEngines/WindowsStandaloneSupport/UnityEditor.WindowsStandalone.Extensions.dll
Register platform support module: C:/Program Files/Unity 2021.1.7f1/Editor/Data/PlaybackEngines/LinuxStandaloneSupport/UnityEditor.LinuxStandalone.Extensions.dll
Registered in 0.008052 seconds.
Native extension for LinuxStandalone target not found
Native extension for WindowsStandalone target not found
Native extension for OSXStandalone target not found
Native extension for WebGL target not found
Refreshing native plugins compatible for Editor in 175.93 ms, found 1 plugins.
Preloading 0 native plugins for Editor in 0.00 ms.
Mono: successfully reloaded assembly
- Completed reload, in  3.512 seconds
Platform modules already initialized, skipping
Registering precompiled user dll's ...
Registered in 0.011051 seconds.
Begin MonoManager ReloadAssembly
Symbol file LoadedFromMemory doesn't match image C:\Users\Sina\Desktop\Project\Project\Library\PackageCache\com.unity.visualscripting@1.6.1\Editor\VisualScripting.Core\Dependencies\YamlDotNet\Unity.VisualScripting.YamlDotNet.dll
Symbol file LoadedFromMemory doesn't match image C:\Users\Sina\Desktop\Project\Project\Library\PackageCache\com.unity.visualscripting@1.6.1\Editor\VisualScripting.Core\Dependencies\DotNetZip\Unity.VisualScripting.IonicZip.dll
Native extension for LinuxStandalone target not found
Native extension for WindowsStandalone target not found
Native extension for OSXStandalone target not found
Native extension for WebGL target not found
Refreshing native plugins compatible for Editor in 1.53 ms, found 1 plugins.
Preloading 0 native plugins for Editor in 0.00 ms.
Mono: successfully reloaded assembly
- Completed reload, in  4.046 seconds
Platform modules already initialized, skipping
========================================================================
Worker process is ready to serve import requests
Launched and connected shader compiler UnityShaderCompiler.exe after 0.09 seconds
Refreshing native plugins compatible for Editor in 1.80 ms, found 1 plugins.
Preloading 0 native plugins for Editor in 0.00 ms.
Unloading 2840 Unused Serialized files (Serialized files now loaded: 0)
System memory in use before: 105.0 MB.
System memory in use after: 105.2 MB.

Unloading 16 unused Assets to reduce memory usage. Loaded Objects now: 3299.
Total: 4.469400 ms (FindLiveObjects: 0.472600 ms CreateObjectMapping: 0.212600 ms MarkObjects: 3.613200 ms  DeleteObjects: 0.168200 ms)

========================================================================
Received Import Request.
  path: Assets/Rifle.fbx
  artifactKey: Guid(74bf5eacc1847e9418e5dfb7649e15f1) Importer(815301076,1909f56bfc062723c751e8b465ee728b)
Start importing Assets/Rifle.fbx using Guid(74bf5eacc1847e9418e5dfb7649e15f1) Importer(815301076,1909f56bfc062723c751e8b465ee728b)  -> (artifact id: '064ff6969ffe66d43c9f110ee91e975b') in 1.500495 seconds 
========================================================================
Received Import Request.
  Time since last request: 672.563816 seconds.
  path: Assets/Target.cs
  artifactKey: Guid(867aa2cdd5c459b4e9fe3ad01181347f) Importer(815301076,1909f56bfc062723c751e8b465ee728b)
Start importing Assets/Target.cs using Guid(867aa2cdd5c459b4e9fe3ad01181347f) Importer(815301076,1909f56bfc062723c751e8b465ee728b)  -> (artifact id: '923594218928b3871e8adc4240e0d23b') in 0.404811 seconds 
========================================================================
Received Import Request.
  Time since last request: 0.041993 seconds.
  path: Assets/Sniper.cs
  artifactKey: Guid(b0b2b0a71df1af44cae09dba70f85bc6) Importer(815301076,1909f56bfc062723c751e8b465ee728b)
Start importing Assets/Sniper.cs using Guid(b0b2b0a71df1af44cae09dba70f85bc6) Importer(815301076,1909f56bfc062723c751e8b465ee728b)  -> (artifact id: 'b0af609cc9498e8c8165ad43c5b0a34d') in 0.016906 seconds 
========================================================================
Received Import Request.
  Time since last request: 75.306701 seconds.
  path: Assets/Rifle.fbx
  artifactKey: Guid(74bf5eacc1847e9418e5dfb7649e15f1) Importer(815301076,1909f56bfc062723c751e8b465ee728b)
Start importing Assets/Rifle.fbx using Guid(74bf5eacc1847e9418e5dfb7649e15f1) Importer(815301076,1909f56bfc062723c751e8b465ee728b)  -> (artifact id: '85769ee077c5d55672eeaabd20e246e4') in 0.437342 seconds 
AssetImportWorkerClient::OnTransportError - code=2 error=End of file
