Using pre-set license
Built from '2021.1/staging' branch; Version is '2021.1.7f1 (d91830b65d9b) revision 14227504'; Using compiler version '192528614'; Build Type 'Release'
OS: 'Windows 10 Pro; OS build 22000.675; Version 2009; 64bit' Language: 'en' Physical Memory: 4014 MB
BatchMode: 1, IsHumanControllingUs: 0, StartBugReporterOnCrash: 0, Is64bit: 1, IsPro: 0

 COMMAND LINE ARGUMENTS:
C:\Program Files\Unity 2021.1.7f1\Editor\Unity.exe
-adb2
-batchMode
-noUpm
-name
AssetImportWorker3
-projectPath
C:/Users/Sina/Desktop/Project/Project
-logFile
Logs/AssetImportWorker3.log
-srvPort
57617
Successfully changed project path to: C:/Users/Sina/Desktop/Project/Project
C:/Users/Sina/Desktop/Project/Project
Using Asset Import Pipeline V2.
Refreshing native plugins compatible for Editor in 184.82 ms, found 1 plugins.
Preloading 0 native plugins for Editor in 0.00 ms.
Initialize engine version: 2021.1.7f1 (d91830b65d9b)
[Subsystems] Discovering subsystems at path C:/Program Files/Unity 2021.1.7f1/Editor/Data/Resources/UnitySubsystems
[Subsystems] Discovering subsystems at path C:/Users/Sina/Desktop/Project/Project/Assets
GfxDevice: creating device client; threaded=0; jobified=0
Direct3D:
    Version:  Direct3D 11.0 [level 10.1]
    Renderer: NVIDIA GeForce GT 330M   (ID=0xa2b)
    Vendor:   NVIDIA
    VRAM:     459 MB
    Driver:   21.21.13.4201
Initialize mono
Mono path[0] = 'C:/Program Files/Unity 2021.1.7f1/Editor/Data/Managed'
Mono path[1] = 'C:/Program Files/Unity 2021.1.7f1/Editor/Data/MonoBleedingEdge/lib/mono/unityjit'
Mono config path = 'C:/Program Files/Unity 2021.1.7f1/Editor/Data/MonoBleedingEdge/etc'
Using monoOptions --debugger-agent=transport=dt_socket,embedding=1,server=y,suspend=n,address=127.0.0.1:56052
Begin MonoManager ReloadAssembly
Registering precompiled unity dll's ...
Register platform support module: C:/Program Files/Unity 2021.1.7f1/Editor/Data/PlaybackEngines/WebGLSupport/UnityEditor.WebGL.Extensions.dll
Register platform support module: C:/Program Files/Unity 2021.1.7f1/Editor/Data/PlaybackEngines/MacStandaloneSupport/UnityEditor.OSXStandalone.Extensions.dll
Register platform support module: C:/Program Files/Unity 2021.1.7f1/Editor/Data/PlaybackEngines/WindowsStandaloneSupport/UnityEditor.WindowsStandalone.Extensions.dll
Register platform support module: C:/Program Files/Unity 2021.1.7f1/Editor/Data/PlaybackEngines/LinuxStandaloneSupport/UnityEditor.LinuxStandalone.Extensions.dll
Registered in 0.007487 seconds.
Native extension for LinuxStandalone target not found
Native extension for WindowsStandalone target not found
Native extension for OSXStandalone target not found
Native extension for WebGL target not found
Refreshing native plugins compatible for Editor in 181.59 ms, found 1 plugins.
Preloading 0 native plugins for Editor in 0.00 ms.
Mono: successfully reloaded assembly
- Completed reload, in  3.078 seconds
Platform modules already initialized, skipping
Registering precompiled user dll's ...
Registered in 0.008950 seconds.
Begin MonoManager ReloadAssembly
Symbol file LoadedFromMemory doesn't match image C:\Users\Sina\Desktop\Project\Project\Library\PackageCache\com.unity.visualscripting@1.6.1\Editor\VisualScripting.Core\Dependencies\YamlDotNet\Unity.VisualScripting.YamlDotNet.dll
Symbol file LoadedFromMemory doesn't match image C:\Users\Sina\Desktop\Project\Project\Library\PackageCache\com.unity.visualscripting@1.6.1\Editor\VisualScripting.Core\Dependencies\DotNetZip\Unity.VisualScripting.IonicZip.dll
Native extension for LinuxStandalone target not found
Native extension for WindowsStandalone target not found
Native extension for OSXStandalone target not found
Native extension for WebGL target not found
Refreshing native plugins compatible for Editor in 1.50 ms, found 1 plugins.
Preloading 0 native plugins for Editor in 0.00 ms.
Mono: successfully reloaded assembly
- Completed reload, in  3.232 seconds
Platform modules already initialized, skipping
========================================================================
Worker process is ready to serve import requests
Launched and connected shader compiler UnityShaderCompiler.exe after 0.27 seconds
Refreshing native plugins compatible for Editor in 2.58 ms, found 1 plugins.
Preloading 0 native plugins for Editor in 0.00 ms.
Unloading 2971 Unused Serialized files (Serialized files now loaded: 0)
System memory in use before: 118.5 MB.
System memory in use after: 117.5 MB.

Unloading 18 unused Assets to reduce memory usage. Loaded Objects now: 3435.
Total: 5.840200 ms (FindLiveObjects: 0.526900 ms CreateObjectMapping: 0.238600 ms MarkObjects: 4.092900 ms  DeleteObjects: 0.978500 ms)

========================================================================
Received Import Request.
  path: Assets/Muzzle_flash_VFX_3.png
  artifactKey: Guid(5a0d6e14bc0943f4cbe804575ea08c45) Importer(815301076,1909f56bfc062723c751e8b465ee728b)
Start importing Assets/Muzzle_flash_VFX_3.png using Guid(5a0d6e14bc0943f4cbe804575ea08c45) Importer(815301076,1909f56bfc062723c751e8b465ee728b)  -> (artifact id: 'e452545d8ea4dcb22bddc6cc1796d565') in 0.430519 seconds 
========================================================================
Received Import Request.
  Time since last request: 0.000836 seconds.
  path: Assets/Muzzle_flash_VFX_4.png
  artifactKey: Guid(91fdcb0c2c90832439131a266939bf6f) Importer(815301076,1909f56bfc062723c751e8b465ee728b)
Start importing Assets/Muzzle_flash_VFX_4.png using Guid(91fdcb0c2c90832439131a266939bf6f) Importer(815301076,1909f56bfc062723c751e8b465ee728b)  -> (artifact id: '4bc131a9a0030fd0f4a3e992c6868a69') in 0.049107 seconds 
========================================================================
Received Import Request.
  Time since last request: 15.133955 seconds.
  path: Assets/Muzzle_flash_VFX_4.png
  artifactKey: Guid(91fdcb0c2c90832439131a266939bf6f) Importer(815301076,1909f56bfc062723c751e8b465ee728b)
Start importing Assets/Muzzle_flash_VFX_4.png using Guid(91fdcb0c2c90832439131a266939bf6f) Importer(815301076,1909f56bfc062723c751e8b465ee728b)  -> (artifact id: 'c840d19e05ee4639c299263450232d21') in 0.270573 seconds 
========================================================================
Received Import Request.
  Time since last request: 437.552447 seconds.
  path: Assets/Muzzle_flash_VFX_smoothened.png
  artifactKey: Guid(192107a3385a5744ebd03f86d766030b) Importer(815301076,1909f56bfc062723c751e8b465ee728b)
Start importing Assets/Muzzle_flash_VFX_smoothened.png using Guid(192107a3385a5744ebd03f86d766030b) Importer(815301076,1909f56bfc062723c751e8b465ee728b)  -> (artifact id: 'ec2f483125f751f39cb5b5297cdbce64') in 0.148590 seconds 
========================================================================
Received Import Request.
  Time since last request: 11.557895 seconds.
  path: Assets/Muzzle_flash_VFX_smoothened.png
  artifactKey: Guid(192107a3385a5744ebd03f86d766030b) Importer(815301076,1909f56bfc062723c751e8b465ee728b)
Start importing Assets/Muzzle_flash_VFX_smoothened.png using Guid(192107a3385a5744ebd03f86d766030b) Importer(815301076,1909f56bfc062723c751e8b465ee728b)  -> (artifact id: 'adefacf42d953ce9966216ab1b8daa36') in 0.063266 seconds 
========================================================================
Received Import Request.
  Time since last request: 28425.581450 seconds.
  path: Assets/kindpng_243908.png
  artifactKey: Guid(e2c50aa4357b4e847a6f0eb5f7160429) Importer(815301076,1909f56bfc062723c751e8b465ee728b)
Start importing Assets/kindpng_243908.png using Guid(e2c50aa4357b4e847a6f0eb5f7160429) Importer(815301076,1909f56bfc062723c751e8b465ee728b)  -> (artifact id: '1ba8c621424ac93c2d42e2fcd12c7339') in 0.778768 seconds 
========================================================================
Received Import Request.
  Time since last request: 23.465962 seconds.
  path: Assets/kindpng_243908.png
  artifactKey: Guid(e2c50aa4357b4e847a6f0eb5f7160429) Importer(815301076,1909f56bfc062723c751e8b465ee728b)
Start importing Assets/kindpng_243908.png using Guid(e2c50aa4357b4e847a6f0eb5f7160429) Importer(815301076,1909f56bfc062723c751e8b465ee728b)  -> (artifact id: 'c6331a1d8b62e9680416aa8b3da3d027') in 0.483835 seconds 
========================================================================
Received Import Request.
  Time since last request: 214.168790 seconds.
  path: Assets/Materials/muzzleflashfront.mat
  artifactKey: Guid(aaa70c2d03335a94698933edbefabaea) Importer(815301076,1909f56bfc062723c751e8b465ee728b)
Start importing Assets/Materials/muzzleflashfront.mat using Guid(aaa70c2d03335a94698933edbefabaea) Importer(815301076,1909f56bfc062723c751e8b465ee728b)  -> (artifact id: '45c0819ac6692e4d11fba23d390bc93a') in 8.218762 seconds 
