Using pre-set license
Built from '2021.1/staging' branch; Version is '2021.1.7f1 (d91830b65d9b) revision 14227504'; Using compiler version '192528614'; Build Type 'Release'
OS: 'Windows 10 Pro; OS build 22000.675; Version 2009; 64bit' Language: 'en' Physical Memory: 4014 MB
BatchMode: 1, IsHumanControllingUs: 0, StartBugReporterOnCrash: 0, Is64bit: 1, IsPro: 0

 COMMAND LINE ARGUMENTS:
C:\Program Files\Unity 2021.1.7f1\Editor\Unity.exe
-adb2
-batchMode
-noUpm
-name
AssetImportWorker11
-projectPath
C:/Users/Sina/Desktop/Project/Project
-logFile
Logs/AssetImportWorker11.log
-srvPort
64917
Successfully changed project path to: C:/Users/Sina/Desktop/Project/Project
C:/Users/Sina/Desktop/Project/Project
Using Asset Import Pipeline V2.
Refreshing native plugins compatible for Editor in 221.64 ms, found 1 plugins.
Preloading 0 native plugins for Editor in 0.00 ms.
Initialize engine version: 2021.1.7f1 (d91830b65d9b)
[Subsystems] Discovering subsystems at path C:/Program Files/Unity 2021.1.7f1/Editor/Data/Resources/UnitySubsystems
[Subsystems] Discovering subsystems at path C:/Users/Sina/Desktop/Project/Project/Assets
GfxDevice: creating device client; threaded=0; jobified=0
Direct3D:
    Version:  Direct3D 11.0 [level 10.1]
    Renderer: NVIDIA GeForce GT 330M   (ID=0xa2b)
    Vendor:   NVIDIA
    VRAM:     459 MB
    Driver:   21.21.13.4201
Initialize mono
Mono path[0] = 'C:/Program Files/Unity 2021.1.7f1/Editor/Data/Managed'
Mono path[1] = 'C:/Program Files/Unity 2021.1.7f1/Editor/Data/MonoBleedingEdge/lib/mono/unityjit'
Mono config path = 'C:/Program Files/Unity 2021.1.7f1/Editor/Data/MonoBleedingEdge/etc'
Using monoOptions --debugger-agent=transport=dt_socket,embedding=1,server=y,suspend=n,address=127.0.0.1:56512
Begin MonoManager ReloadAssembly
Registering precompiled unity dll's ...
Register platform support module: C:/Program Files/Unity 2021.1.7f1/Editor/Data/PlaybackEngines/WebGLSupport/UnityEditor.WebGL.Extensions.dll
Register platform support module: C:/Program Files/Unity 2021.1.7f1/Editor/Data/PlaybackEngines/MacStandaloneSupport/UnityEditor.OSXStandalone.Extensions.dll
Register platform support module: C:/Program Files/Unity 2021.1.7f1/Editor/Data/PlaybackEngines/WindowsStandaloneSupport/UnityEditor.WindowsStandalone.Extensions.dll
Register platform support module: C:/Program Files/Unity 2021.1.7f1/Editor/Data/PlaybackEngines/LinuxStandaloneSupport/UnityEditor.LinuxStandalone.Extensions.dll
Registered in 0.007506 seconds.
Native extension for LinuxStandalone target not found
Native extension for WindowsStandalone target not found
Native extension for OSXStandalone target not found
Native extension for WebGL target not found
Refreshing native plugins compatible for Editor in 236.86 ms, found 1 plugins.
Preloading 0 native plugins for Editor in 0.00 ms.
Mono: successfully reloaded assembly
- Completed reload, in  3.750 seconds
Platform modules already initialized, skipping
Registering precompiled user dll's ...
Registered in 0.010641 seconds.
Begin MonoManager ReloadAssembly
Symbol file LoadedFromMemory doesn't match image C:\Users\Sina\Desktop\Project\Project\Library\PackageCache\com.unity.visualscripting@1.6.1\Editor\VisualScripting.Core\Dependencies\YamlDotNet\Unity.VisualScripting.YamlDotNet.dll
Symbol file LoadedFromMemory doesn't match image C:\Users\Sina\Desktop\Project\Project\Library\PackageCache\com.unity.visualscripting@1.6.1\Editor\VisualScripting.Core\Dependencies\DotNetZip\Unity.VisualScripting.IonicZip.dll
Native extension for LinuxStandalone target not found
Native extension for WindowsStandalone target not found
Native extension for OSXStandalone target not found
Native extension for WebGL target not found
Refreshing native plugins compatible for Editor in 1.75 ms, found 1 plugins.
Preloading 0 native plugins for Editor in 0.00 ms.
Mono: successfully reloaded assembly
- Completed reload, in  3.335 seconds
Platform modules already initialized, skipping
========================================================================
Worker process is ready to serve import requests
Launched and connected shader compiler UnityShaderCompiler.exe after 1.16 seconds
Refreshing native plugins compatible for Editor in 2.28 ms, found 1 plugins.
Preloading 0 native plugins for Editor in 0.00 ms.
Unloading 2971 Unused Serialized files (Serialized files now loaded: 0)
System memory in use before: 118.5 MB.
System memory in use after: 117.6 MB.

Unloading 18 unused Assets to reduce memory usage. Loaded Objects now: 3435.
Total: 12.055500 ms (FindLiveObjects: 6.026400 ms CreateObjectMapping: 0.666700 ms MarkObjects: 4.269400 ms  DeleteObjects: 1.089600 ms)

========================================================================
Received Import Request.
  path: Assets/kindpng_243908.prefab
  artifactKey: Guid(92b339c3c1041864496e59c9ac75143c) Importer(815301076,1909f56bfc062723c751e8b465ee728b)
Start importing Assets/kindpng_243908.prefab using Guid(92b339c3c1041864496e59c9ac75143c) Importer(815301076,1909f56bfc062723c751e8b465ee728b)  -> (artifact id: '2d77668325535c1d9f06a6d765f39bf7') in 3.158613 seconds 
========================================================================
Received Prepare
Refreshing native plugins compatible for Editor in 62.49 ms, found 1 plugins.
Preloading 0 native plugins for Editor in 0.00 ms.
Unloading 11 Unused Serialized files (Serialized files now loaded: 0)
System memory in use before: 61.9 MB.
System memory in use after: 61.0 MB.

Unloading 11 unused Assets to reduce memory usage. Loaded Objects now: 3442.
Total: 9.829400 ms (FindLiveObjects: 0.632600 ms CreateObjectMapping: 0.241000 ms MarkObjects: 7.794600 ms  DeleteObjects: 1.158000 ms)

========================================================================
Received Prepare
Registering precompiled user dll's ...
Registered in 0.009552 seconds.
Begin MonoManager ReloadAssembly
Symbol file LoadedFromMemory doesn't match image C:\Users\Sina\Desktop\Project\Project\Library\PackageCache\com.unity.visualscripting@1.6.1\Editor\VisualScripting.Core\Dependencies\YamlDotNet\Unity.VisualScripting.YamlDotNet.dll
Symbol file LoadedFromMemory doesn't match image C:\Users\Sina\Desktop\Project\Project\Library\PackageCache\com.unity.visualscripting@1.6.1\Editor\VisualScripting.Core\Dependencies\DotNetZip\Unity.VisualScripting.IonicZip.dll
Native extension for LinuxStandalone target not found
Native extension for WindowsStandalone target not found
Native extension for OSXStandalone target not found
Native extension for WebGL target not found
Refreshing native plugins compatible for Editor in 1.45 ms, found 1 plugins.
Preloading 0 native plugins for Editor in 0.00 ms.
Mono: successfully reloaded assembly
- Completed reload, in  1.937 seconds
Platform modules already initialized, skipping
Refreshing native plugins compatible for Editor in 2.40 ms, found 1 plugins.
Preloading 0 native plugins for Editor in 0.00 ms.
Unloading 2946 Unused Serialized files (Serialized files now loaded: 0)
System memory in use before: 120.2 MB.
System memory in use after: 119.2 MB.

Unloading 13 unused Assets to reduce memory usage. Loaded Objects now: 3444.
Total: 7.548600 ms (FindLiveObjects: 0.459900 ms CreateObjectMapping: 0.215800 ms MarkObjects: 5.804200 ms  DeleteObjects: 1.065500 ms)

========================================================================
Received Prepare
Registering precompiled user dll's ...
Registered in 0.009077 seconds.
Begin MonoManager ReloadAssembly
Symbol file LoadedFromMemory doesn't match image C:\Users\Sina\Desktop\Project\Project\Library\PackageCache\com.unity.visualscripting@1.6.1\Editor\VisualScripting.Core\Dependencies\YamlDotNet\Unity.VisualScripting.YamlDotNet.dll
Symbol file LoadedFromMemory doesn't match image C:\Users\Sina\Desktop\Project\Project\Library\PackageCache\com.unity.visualscripting@1.6.1\Editor\VisualScripting.Core\Dependencies\DotNetZip\Unity.VisualScripting.IonicZip.dll
Native extension for LinuxStandalone target not found
Native extension for WindowsStandalone target not found
Native extension for OSXStandalone target not found
Native extension for WebGL target not found
Refreshing native plugins compatible for Editor in 1.47 ms, found 1 plugins.
Preloading 0 native plugins for Editor in 0.00 ms.
Mono: successfully reloaded assembly
- Completed reload, in  2.188 seconds
Platform modules already initialized, skipping
Refreshing native plugins compatible for Editor in 1.46 ms, found 1 plugins.
Preloading 0 native plugins for Editor in 0.00 ms.
Unloading 2946 Unused Serialized files (Serialized files now loaded: 0)
System memory in use before: 120.2 MB.
System memory in use after: 119.3 MB.

Unloading 13 unused Assets to reduce memory usage. Loaded Objects now: 3446.
Total: 7.445200 ms (FindLiveObjects: 0.977200 ms CreateObjectMapping: 0.330400 ms MarkObjects: 5.116400 ms  DeleteObjects: 1.017900 ms)

========================================================================
Received Prepare
Registering precompiled user dll's ...
Registered in 0.008332 seconds.
Begin MonoManager ReloadAssembly
Symbol file LoadedFromMemory doesn't match image C:\Users\Sina\Desktop\Project\Project\Library\PackageCache\com.unity.visualscripting@1.6.1\Editor\VisualScripting.Core\Dependencies\YamlDotNet\Unity.VisualScripting.YamlDotNet.dll
Symbol file LoadedFromMemory doesn't match image C:\Users\Sina\Desktop\Project\Project\Library\PackageCache\com.unity.visualscripting@1.6.1\Editor\VisualScripting.Core\Dependencies\DotNetZip\Unity.VisualScripting.IonicZip.dll
Native extension for LinuxStandalone target not found
Native extension for WindowsStandalone target not found
Native extension for OSXStandalone target not found
Native extension for WebGL target not found
Refreshing native plugins compatible for Editor in 3.79 ms, found 1 plugins.
Preloading 0 native plugins for Editor in 0.00 ms.
Mono: successfully reloaded assembly
- Completed reload, in  3.797 seconds
Platform modules already initialized, skipping
Refreshing native plugins compatible for Editor in 1.92 ms, found 1 plugins.
Preloading 0 native plugins for Editor in 0.00 ms.
Unloading 2946 Unused Serialized files (Serialized files now loaded: 0)
System memory in use before: 120.3 MB.
System memory in use after: 119.3 MB.

Unloading 13 unused Assets to reduce memory usage. Loaded Objects now: 3448.
Total: 9.719700 ms (FindLiveObjects: 0.619800 ms CreateObjectMapping: 0.273200 ms MarkObjects: 7.172800 ms  DeleteObjects: 1.649900 ms)

========================================================================
Received Import Request.
  Time since last request: 1925.395821 seconds.
  path: Assets/Impact Smoke Variant.prefab
  artifactKey: Guid(0b736ed1588e3134f9192c960f509f12) Importer(815301076,1909f56bfc062723c751e8b465ee728b)
Start importing Assets/Impact Smoke Variant.prefab using Guid(0b736ed1588e3134f9192c960f509f12) Importer(815301076,1909f56bfc062723c751e8b465ee728b)  -> (artifact id: '7db0a3240090a60b07e972273373d0f2') in 0.186961 seconds 
========================================================================
Received Import Request.
  Time since last request: 7.784446 seconds.
  path: Assets/Muzzle Flash.anim
  artifactKey: Guid(40b2bafb29fc88d40a676ddd4cd0cf7d) Importer(815301076,1909f56bfc062723c751e8b465ee728b)
Start importing Assets/Muzzle Flash.anim using Guid(40b2bafb29fc88d40a676ddd4cd0cf7d) Importer(815301076,1909f56bfc062723c751e8b465ee728b)  -> (artifact id: 'b941a130b9950962c5cf6ddbe97c956e') in 0.164623 seconds 
========================================================================
Received Import Request.
  Time since last request: 13.864442 seconds.
  path: Assets/FPSController.controller
  artifactKey: Guid(4a954f95ff1d85a4a892a59347c18729) Importer(815301076,1909f56bfc062723c751e8b465ee728b)
Start importing Assets/FPSController.controller using Guid(4a954f95ff1d85a4a892a59347c18729) Importer(815301076,1909f56bfc062723c751e8b465ee728b)  -> (artifact id: '4bde93af23224401642e0cd773404809') in 0.091894 seconds 
========================================================================
Received Import Request.
  Time since last request: 4.102671 seconds.
  path: Assets/Idol.anim
  artifactKey: Guid(6b5800ec1e481d24db89fe807b0e61c0) Importer(815301076,1909f56bfc062723c751e8b465ee728b)
Start importing Assets/Idol.anim using Guid(6b5800ec1e481d24db89fe807b0e61c0) Importer(815301076,1909f56bfc062723c751e8b465ee728b)  -> (artifact id: '241ccaeca6943c8fd4b02b4838ae42fe') in 0.040516 seconds 
========================================================================
Received Import Request.
  Time since last request: 4.269208 seconds.
  path: Assets/New Animation.anim
  artifactKey: Guid(0225618e3d1d97f4fa2e64d4fe7c289c) Importer(815301076,1909f56bfc062723c751e8b465ee728b)
Start importing Assets/New Animation.anim using Guid(0225618e3d1d97f4fa2e64d4fe7c289c) Importer(815301076,1909f56bfc062723c751e8b465ee728b)  -> (artifact id: 'e6c11823dea80c595b9d6d97f2f09c4f') in 0.054413 seconds 
========================================================================
Received Import Request.
  Time since last request: 8.300035 seconds.
  path: Assets/Animator.controller
  artifactKey: Guid(6a2f6b937c281d443ad01189adddb317) Importer(815301076,1909f56bfc062723c751e8b465ee728b)
Start importing Assets/Animator.controller using Guid(6a2f6b937c281d443ad01189adddb317) Importer(815301076,1909f56bfc062723c751e8b465ee728b)  -> (artifact id: '82611f1d5ca99c16a6b2881738a51f1d') in 0.060345 seconds 
========================================================================
Received Prepare
Registering precompiled user dll's ...
Registered in 0.022224 seconds.
Begin MonoManager ReloadAssembly
Symbol file LoadedFromMemory doesn't match image C:\Users\Sina\Desktop\Project\Project\Library\PackageCache\com.unity.visualscripting@1.6.1\Editor\VisualScripting.Core\Dependencies\YamlDotNet\Unity.VisualScripting.YamlDotNet.dll
Symbol file LoadedFromMemory doesn't match image C:\Users\Sina\Desktop\Project\Project\Library\PackageCache\com.unity.visualscripting@1.6.1\Editor\VisualScripting.Core\Dependencies\DotNetZip\Unity.VisualScripting.IonicZip.dll
Native extension for LinuxStandalone target not found
Native extension for WindowsStandalone target not found
Native extension for OSXStandalone target not found
Native extension for WebGL target not found
Refreshing native plugins compatible for Editor in 1.43 ms, found 1 plugins.
Preloading 0 native plugins for Editor in 0.00 ms.
Mono: successfully reloaded assembly
- Completed reload, in  2.336 seconds
Platform modules already initialized, skipping
Refreshing native plugins compatible for Editor in 2.51 ms, found 1 plugins.
Preloading 0 native plugins for Editor in 0.00 ms.
Unloading 2946 Unused Serialized files (Serialized files now loaded: 0)
System memory in use before: 120.4 MB.
System memory in use after: 119.4 MB.

Unloading 13 unused Assets to reduce memory usage. Loaded Objects now: 3450.
Total: 5.573200 ms (FindLiveObjects: 0.503500 ms CreateObjectMapping: 0.209900 ms MarkObjects: 3.761900 ms  DeleteObjects: 1.094800 ms)

========================================================================
Received Prepare
Registering precompiled user dll's ...
Registered in 0.067920 seconds.
Begin MonoManager ReloadAssembly
Symbol file LoadedFromMemory doesn't match image C:\Users\Sina\Desktop\Project\Project\Library\PackageCache\com.unity.visualscripting@1.6.1\Editor\VisualScripting.Core\Dependencies\YamlDotNet\Unity.VisualScripting.YamlDotNet.dll
Symbol file LoadedFromMemory doesn't match image C:\Users\Sina\Desktop\Project\Project\Library\PackageCache\com.unity.visualscripting@1.6.1\Editor\VisualScripting.Core\Dependencies\DotNetZip\Unity.VisualScripting.IonicZip.dll
Native extension for LinuxStandalone target not found
Native extension for WindowsStandalone target not found
Native extension for OSXStandalone target not found
Native extension for WebGL target not found
Refreshing native plugins compatible for Editor in 1.67 ms, found 1 plugins.
Preloading 0 native plugins for Editor in 0.00 ms.
Mono: successfully reloaded assembly
- Completed reload, in 10.357 seconds
Platform modules already initialized, skipping
Refreshing native plugins compatible for Editor in 1.54 ms, found 1 plugins.
Preloading 0 native plugins for Editor in 0.00 ms.
Unloading 2946 Unused Serialized files (Serialized files now loaded: 0)
System memory in use before: 120.3 MB.
System memory in use after: 119.4 MB.

Unloading 13 unused Assets to reduce memory usage. Loaded Objects now: 3452.
Total: 63.208700 ms (FindLiveObjects: 0.669400 ms CreateObjectMapping: 0.256500 ms MarkObjects: 60.844900 ms  DeleteObjects: 1.430400 ms)

========================================================================
Received Prepare
Registering precompiled user dll's ...
Registered in 0.527052 seconds.
Begin MonoManager ReloadAssembly
Symbol file LoadedFromMemory doesn't match image C:\Users\Sina\Desktop\Project\Project\Library\PackageCache\com.unity.visualscripting@1.6.1\Editor\VisualScripting.Core\Dependencies\YamlDotNet\Unity.VisualScripting.YamlDotNet.dll
Symbol file LoadedFromMemory doesn't match image C:\Users\Sina\Desktop\Project\Project\Library\PackageCache\com.unity.visualscripting@1.6.1\Editor\VisualScripting.Core\Dependencies\DotNetZip\Unity.VisualScripting.IonicZip.dll
Native extension for LinuxStandalone target not found
Native extension for WindowsStandalone target not found
Native extension for OSXStandalone target not found
Native extension for WebGL target not found
Refreshing native plugins compatible for Editor in 2.03 ms, found 1 plugins.
Preloading 0 native plugins for Editor in 0.00 ms.
Mono: successfully reloaded assembly
- Completed reload, in  3.909 seconds
Platform modules already initialized, skipping
Refreshing native plugins compatible for Editor in 1.94 ms, found 1 plugins.
Preloading 0 native plugins for Editor in 0.00 ms.
Unloading 2946 Unused Serialized files (Serialized files now loaded: 0)
System memory in use before: 120.4 MB.
System memory in use after: 119.6 MB.

Unloading 13 unused Assets to reduce memory usage. Loaded Objects now: 3454.
Total: 25.118400 ms (FindLiveObjects: 18.160300 ms CreateObjectMapping: 0.583900 ms MarkObjects: 5.174100 ms  DeleteObjects: 1.195800 ms)

========================================================================
Received Prepare
Registering precompiled user dll's ...
Registered in 0.059475 seconds.
Begin MonoManager ReloadAssembly
Symbol file LoadedFromMemory doesn't match image C:\Users\Sina\Desktop\Project\Project\Library\PackageCache\com.unity.visualscripting@1.6.1\Editor\VisualScripting.Core\Dependencies\YamlDotNet\Unity.VisualScripting.YamlDotNet.dll
Symbol file LoadedFromMemory doesn't match image C:\Users\Sina\Desktop\Project\Project\Library\PackageCache\com.unity.visualscripting@1.6.1\Editor\VisualScripting.Core\Dependencies\DotNetZip\Unity.VisualScripting.IonicZip.dll
Native extension for LinuxStandalone target not found
Native extension for WindowsStandalone target not found
Native extension for OSXStandalone target not found
Native extension for WebGL target not found
Refreshing native plugins compatible for Editor in 2.14 ms, found 1 plugins.
Preloading 0 native plugins for Editor in 0.00 ms.
Mono: successfully reloaded assembly
- Completed reload, in  3.582 seconds
Platform modules already initialized, skipping
Refreshing native plugins compatible for Editor in 1.89 ms, found 1 plugins.
Preloading 0 native plugins for Editor in 0.00 ms.
Unloading 2946 Unused Serialized files (Serialized files now loaded: 0)
System memory in use before: 120.5 MB.
System memory in use after: 119.6 MB.

Unloading 13 unused Assets to reduce memory usage. Loaded Objects now: 3456.
Total: 7.235100 ms (FindLiveObjects: 0.705200 ms CreateObjectMapping: 0.268000 ms MarkObjects: 5.150000 ms  DeleteObjects: 1.108400 ms)

========================================================================
Received Prepare
Registering precompiled user dll's ...
Registered in 0.009572 seconds.
Begin MonoManager ReloadAssembly
Symbol file LoadedFromMemory doesn't match image C:\Users\Sina\Desktop\Project\Project\Library\PackageCache\com.unity.visualscripting@1.6.1\Editor\VisualScripting.Core\Dependencies\YamlDotNet\Unity.VisualScripting.YamlDotNet.dll
Symbol file LoadedFromMemory doesn't match image C:\Users\Sina\Desktop\Project\Project\Library\PackageCache\com.unity.visualscripting@1.6.1\Editor\VisualScripting.Core\Dependencies\DotNetZip\Unity.VisualScripting.IonicZip.dll
Native extension for LinuxStandalone target not found
Native extension for WindowsStandalone target not found
Native extension for OSXStandalone target not found
Native extension for WebGL target not found
Refreshing native plugins compatible for Editor in 1.51 ms, found 1 plugins.
Preloading 0 native plugins for Editor in 0.00 ms.
Mono: successfully reloaded assembly
- Completed reload, in  2.011 seconds
Platform modules already initialized, skipping
Refreshing native plugins compatible for Editor in 1.86 ms, found 1 plugins.
Preloading 0 native plugins for Editor in 0.00 ms.
Unloading 2946 Unused Serialized files (Serialized files now loaded: 0)
System memory in use before: 120.4 MB.
System memory in use after: 119.6 MB.

Unloading 13 unused Assets to reduce memory usage. Loaded Objects now: 3458.
Total: 39.888900 ms (FindLiveObjects: 2.374100 ms CreateObjectMapping: 0.406200 ms MarkObjects: 3.990800 ms  DeleteObjects: 33.113600 ms)

AssetImportWorkerClient::OnTransportError - code=2 error=End of file
