Using pre-set license
Built from '2021.1/staging' branch; Version is '2021.1.7f1 (d91830b65d9b) revision 14227504'; Using compiler version '192528614'; Build Type 'Release'
OS: 'Windows 10 Pro; OS build 22000.613; Version 2009; 64bit' Language: 'en' Physical Memory: 4014 MB
BatchMode: 1, IsHumanControllingUs: 0, StartBugReporterOnCrash: 0, Is64bit: 1, IsPro: 0

 COMMAND LINE ARGUMENTS:
C:\Program Files\Unity 2021.1.7f1\Editor\Unity.exe
-adb2
-batchMode
-noUpm
-name
AssetImportWorker3
-projectPath
C:/Users/Sina/Desktop/Project/Project
-logFile
Logs/AssetImportWorker3.log
-srvPort
61312
Successfully changed project path to: C:/Users/Sina/Desktop/Project/Project
C:/Users/Sina/Desktop/Project/Project
Using Asset Import Pipeline V2.
Refreshing native plugins compatible for Editor in 173.45 ms, found 1 plugins.
Preloading 0 native plugins for Editor in 0.00 ms.
Initialize engine version: 2021.1.7f1 (d91830b65d9b)
[Subsystems] Discovering subsystems at path C:/Program Files/Unity 2021.1.7f1/Editor/Data/Resources/UnitySubsystems
[Subsystems] Discovering subsystems at path C:/Users/Sina/Desktop/Project/Project/Assets
GfxDevice: creating device client; threaded=0; jobified=0
Direct3D:
    Version:  Direct3D 11.0 [level 10.1]
    Renderer: NVIDIA GeForce GT 330M   (ID=0xa2b)
    Vendor:   NVIDIA
    VRAM:     459 MB
    Driver:   21.21.13.4201
Initialize mono
Mono path[0] = 'C:/Program Files/Unity 2021.1.7f1/Editor/Data/Managed'
Mono path[1] = 'C:/Program Files/Unity 2021.1.7f1/Editor/Data/MonoBleedingEdge/lib/mono/unityjit'
Mono config path = 'C:/Program Files/Unity 2021.1.7f1/Editor/Data/MonoBleedingEdge/etc'
Using monoOptions --debugger-agent=transport=dt_socket,embedding=1,server=y,suspend=n,address=127.0.0.1:56864
Begin MonoManager ReloadAssembly
Registering precompiled unity dll's ...
Register platform support module: C:/Program Files/Unity 2021.1.7f1/Editor/Data/PlaybackEngines/WebGLSupport/UnityEditor.WebGL.Extensions.dll
Register platform support module: C:/Program Files/Unity 2021.1.7f1/Editor/Data/PlaybackEngines/MacStandaloneSupport/UnityEditor.OSXStandalone.Extensions.dll
Register platform support module: C:/Program Files/Unity 2021.1.7f1/Editor/Data/PlaybackEngines/WindowsStandaloneSupport/UnityEditor.WindowsStandalone.Extensions.dll
Register platform support module: C:/Program Files/Unity 2021.1.7f1/Editor/Data/PlaybackEngines/LinuxStandaloneSupport/UnityEditor.LinuxStandalone.Extensions.dll
Registered in 0.007235 seconds.
Native extension for LinuxStandalone target not found
Native extension for WindowsStandalone target not found
Native extension for OSXStandalone target not found
Native extension for WebGL target not found
Refreshing native plugins compatible for Editor in 182.64 ms, found 1 plugins.
Preloading 0 native plugins for Editor in 0.00 ms.
Mono: successfully reloaded assembly
- Completed reload, in  3.208 seconds
Platform modules already initialized, skipping
Registering precompiled user dll's ...
Registered in 0.008620 seconds.
Begin MonoManager ReloadAssembly
Symbol file LoadedFromMemory doesn't match image C:\Users\Sina\Desktop\Project\Project\Library\PackageCache\com.unity.visualscripting@1.6.1\Editor\VisualScripting.Core\Dependencies\YamlDotNet\Unity.VisualScripting.YamlDotNet.dll
Symbol file LoadedFromMemory doesn't match image C:\Users\Sina\Desktop\Project\Project\Library\PackageCache\com.unity.visualscripting@1.6.1\Editor\VisualScripting.Core\Dependencies\DotNetZip\Unity.VisualScripting.IonicZip.dll
Native extension for LinuxStandalone target not found
Native extension for WindowsStandalone target not found
Native extension for OSXStandalone target not found
Native extension for WebGL target not found
Refreshing native plugins compatible for Editor in 1.55 ms, found 1 plugins.
Preloading 0 native plugins for Editor in 0.00 ms.
Mono: successfully reloaded assembly
- Completed reload, in  2.858 seconds
Platform modules already initialized, skipping
========================================================================
Worker process is ready to serve import requests
Launched and connected shader compiler UnityShaderCompiler.exe after 0.21 seconds
Refreshing native plugins compatible for Editor in 1.76 ms, found 1 plugins.
Preloading 0 native plugins for Editor in 0.00 ms.
Unloading 2967 Unused Serialized files (Serialized files now loaded: 0)
System memory in use before: 117.9 MB.
System memory in use after: 117.0 MB.

Unloading 18 unused Assets to reduce memory usage. Loaded Objects now: 3430.
Total: 6.522400 ms (FindLiveObjects: 0.775500 ms CreateObjectMapping: 0.263100 ms MarkObjects: 4.256800 ms  DeleteObjects: 1.223300 ms)

========================================================================
Received Import Request.
  path: Assets/Standard Assets/Cameras/Scripts/FreeLookCam.cs
  artifactKey: Guid(e44af8091779fcb40801d5b284353dbe) Importer(815301076,1909f56bfc062723c751e8b465ee728b)
Start importing Assets/Standard Assets/Cameras/Scripts/FreeLookCam.cs using Guid(e44af8091779fcb40801d5b284353dbe) Importer(815301076,1909f56bfc062723c751e8b465ee728b)  -> (artifact id: '4c84cf737ccefa360bac17e66f1e7071') in 0.081263 seconds 
========================================================================
Received Import Request.
  Time since last request: 0.008557 seconds.
  path: Assets/Standard Assets/CrossPlatformInput/Scripts
  artifactKey: Guid(3f66eeca8ac36914e9ec9a716a9d9f73) Importer(815301076,1909f56bfc062723c751e8b465ee728b)
Start importing Assets/Standard Assets/CrossPlatformInput/Scripts using Guid(3f66eeca8ac36914e9ec9a716a9d9f73) Importer(815301076,1909f56bfc062723c751e8b465ee728b)  -> (artifact id: 'd15fbad2dda59f5fd62920e72a736fee') in 0.033085 seconds 
========================================================================
Received Import Request.
  Time since last request: 0.000507 seconds.
  path: Assets/Standard Assets/Cameras/Scripts
  artifactKey: Guid(e7b22774d57de9f4eb961b3ff68ed80a) Importer(815301076,1909f56bfc062723c751e8b465ee728b)
Start importing Assets/Standard Assets/Cameras/Scripts using Guid(e7b22774d57de9f4eb961b3ff68ed80a) Importer(815301076,1909f56bfc062723c751e8b465ee728b)  -> (artifact id: '5d0c8f1b5cb0f2c07b8d62a0f993c6f4') in 0.005375 seconds 
========================================================================
Received Import Request.
  Time since last request: 0.000490 seconds.
  path: Assets/Standard Assets/CrossPlatformInput
  artifactKey: Guid(710bc43f80d178548bd226c252c8e65b) Importer(815301076,1909f56bfc062723c751e8b465ee728b)
Start importing Assets/Standard Assets/CrossPlatformInput using Guid(710bc43f80d178548bd226c252c8e65b) Importer(815301076,1909f56bfc062723c751e8b465ee728b)  -> (artifact id: '1f66bce4a2ab0d02724fdb2eb4565f8c') in 0.063000 seconds 
========================================================================
Received Import Request.
  Time since last request: 0.000564 seconds.
  path: Assets/Standard Assets/Cameras
  artifactKey: Guid(604bd9e7358cf48c0969f5b515a8c51c) Importer(815301076,1909f56bfc062723c751e8b465ee728b)
Start importing Assets/Standard Assets/Cameras using Guid(604bd9e7358cf48c0969f5b515a8c51c) Importer(815301076,1909f56bfc062723c751e8b465ee728b)  -> (artifact id: '8f73a2c48f2cef9490f6ca174901cc6e') in 0.040143 seconds 
========================================================================
Received Import Request.
  Time since last request: 360.191406 seconds.
  path: Assets/Standard Assets/Characters
  artifactKey: Guid(8c32f58513a41ef4dab9cb7704c5fb92) Importer(815301076,1909f56bfc062723c751e8b465ee728b)
Start importing Assets/Standard Assets/Characters using Guid(8c32f58513a41ef4dab9cb7704c5fb92) Importer(815301076,1909f56bfc062723c751e8b465ee728b)  -> (artifact id: '2ed30adbe8a1c3b5a1936a139fc95024') in 0.020944 seconds 
========================================================================
Received Import Request.
  Time since last request: 3.162466 seconds.
  path: Assets/Standard Assets/Characters/FirstPersonCharacter
  artifactKey: Guid(943e057eaae705e43b9e9b2e53d6adb0) Importer(815301076,1909f56bfc062723c751e8b465ee728b)
Start importing Assets/Standard Assets/Characters/FirstPersonCharacter using Guid(943e057eaae705e43b9e9b2e53d6adb0) Importer(815301076,1909f56bfc062723c751e8b465ee728b)  -> (artifact id: 'b076c045d807e8a0c94b3845103f6f47') in 0.019175 seconds 
========================================================================
Received Import Request.
  Time since last request: 2.075483 seconds.
  path: Assets/Standard Assets/Characters/FirstPersonCharacter/Prefabs
  artifactKey: Guid(0bfb2599080d5d24e84362b4ae314ae7) Importer(815301076,1909f56bfc062723c751e8b465ee728b)
Start importing Assets/Standard Assets/Characters/FirstPersonCharacter/Prefabs using Guid(0bfb2599080d5d24e84362b4ae314ae7) Importer(815301076,1909f56bfc062723c751e8b465ee728b)  -> (artifact id: 'be257b5b1748ad9f1e897f337746f1a9') in 0.075483 seconds 
========================================================================
Received Import Request.
  Time since last request: 0.000599 seconds.
  path: Assets/Standard Assets/Characters/FirstPersonCharacter/Prefabs/FPSController.prefab
  artifactKey: Guid(5e9e851c0e142814dac026a256ba2ac0) Importer(815301076,1909f56bfc062723c751e8b465ee728b)
Start importing Assets/Standard Assets/Characters/FirstPersonCharacter/Prefabs/FPSController.prefab using Guid(5e9e851c0e142814dac026a256ba2ac0) Importer(815301076,1909f56bfc062723c751e8b465ee728b)  -> (artifact id: 'a6dbfbb888fab3bd6659fc24cfa900c1') in 0.146225 seconds 
========================================================================
Received Import Request.
  Time since last request: 0.000764 seconds.
  path: Assets/Standard Assets/Characters/FirstPersonCharacter/Prefabs/RigidBodyFPSController.prefab
  artifactKey: Guid(c6453f8e1f814744d8b94e5a6d1f9942) Importer(815301076,1909f56bfc062723c751e8b465ee728b)
Start importing Assets/Standard Assets/Characters/FirstPersonCharacter/Prefabs/RigidBodyFPSController.prefab using Guid(c6453f8e1f814744d8b94e5a6d1f9942) Importer(815301076,1909f56bfc062723c751e8b465ee728b)  -> (artifact id: '932e4dd34e7442f18906b870abcb76ae') in 0.080063 seconds 
========================================================================
Received Import Request.
  Time since last request: 371.810697 seconds.
  path: Assets/Standard Assets/Characters/FirstPersonCharacter/Scripts/FirstPersonController.cs
  artifactKey: Guid(05ec5cf00ca181d45a42ba1870e148c3) Importer(815301076,1909f56bfc062723c751e8b465ee728b)
Start importing Assets/Standard Assets/Characters/FirstPersonCharacter/Scripts/FirstPersonController.cs using Guid(05ec5cf00ca181d45a42ba1870e148c3) Importer(815301076,1909f56bfc062723c751e8b465ee728b)  -> (artifact id: 'd7d0724732fc87ca51a0e09a65c673da') in 0.017483 seconds 
========================================================================
Received Import Request.
  Time since last request: 39.918123 seconds.
  path: Assets/Standard Assets/Utility
  artifactKey: Guid(4539eb30e895bbb41b5eae6df2dde978) Importer(815301076,1909f56bfc062723c751e8b465ee728b)
Start importing Assets/Standard Assets/Utility using Guid(4539eb30e895bbb41b5eae6df2dde978) Importer(815301076,1909f56bfc062723c751e8b465ee728b)  -> (artifact id: 'a8c28e6f567ae02e255e31130561b338') in 0.018978 seconds 
========================================================================
Received Import Request.
  Time since last request: 56.456307 seconds.
  path: Assets/Standard Assets/Characters/FirstPersonCharacter/Audio
  artifactKey: Guid(2dac79461900e0f4c93561031c2e6902) Importer(815301076,1909f56bfc062723c751e8b465ee728b)
Start importing Assets/Standard Assets/Characters/FirstPersonCharacter/Audio using Guid(2dac79461900e0f4c93561031c2e6902) Importer(815301076,1909f56bfc062723c751e8b465ee728b)  -> (artifact id: '2668fe59d725663d9d47dc0c2db32d82') in 0.074418 seconds 
========================================================================
Received Import Request.
  Time since last request: 0.000668 seconds.
  path: Assets/Standard Assets/Characters/FirstPersonCharacter/Audio/Footstep01.wav
  artifactKey: Guid(42e65e088b3f4374e851b8dbd38f3df9) Importer(815301076,1909f56bfc062723c751e8b465ee728b)
Start importing Assets/Standard Assets/Characters/FirstPersonCharacter/Audio/Footstep01.wav using Guid(42e65e088b3f4374e851b8dbd38f3df9) Importer(815301076,1909f56bfc062723c751e8b465ee728b)  -> (artifact id: '6f19e56ffb1fd5e69243c1612639d5bb') in 1.590180 seconds 
========================================================================
Received Import Request.
  Time since last request: 0.000507 seconds.
  path: Assets/Standard Assets/Characters/FirstPersonCharacter/Audio/Land.wav
  artifactKey: Guid(3b09d59f4499d45428baa7a21e954296) Importer(815301076,1909f56bfc062723c751e8b465ee728b)
Start importing Assets/Standard Assets/Characters/FirstPersonCharacter/Audio/Land.wav using Guid(3b09d59f4499d45428baa7a21e954296) Importer(815301076,1909f56bfc062723c751e8b465ee728b)  -> (artifact id: '23ad5a3fadde9515fe11dd14fa4ce2b9') in 0.073921 seconds 
========================================================================
Received Import Request.
  Time since last request: 0.000524 seconds.
  path: Assets/Standard Assets/Characters/FirstPersonCharacter/Audio/Footstep03.wav
  artifactKey: Guid(5a9383dda6cabc047b7a297602e93eb4) Importer(815301076,1909f56bfc062723c751e8b465ee728b)
Start importing Assets/Standard Assets/Characters/FirstPersonCharacter/Audio/Footstep03.wav using Guid(5a9383dda6cabc047b7a297602e93eb4) Importer(815301076,1909f56bfc062723c751e8b465ee728b)  -> (artifact id: '2524d28835e091d63df629bec4f64a88') in 0.049045 seconds 
========================================================================
Received Import Request.
  Time since last request: 0.000538 seconds.
  path: Assets/Standard Assets/Characters/FirstPersonCharacter/Audio/Footstep02.wav
  artifactKey: Guid(8bc94ec6ed537e743b481638bdcd503d) Importer(815301076,1909f56bfc062723c751e8b465ee728b)
Start importing Assets/Standard Assets/Characters/FirstPersonCharacter/Audio/Footstep02.wav using Guid(8bc94ec6ed537e743b481638bdcd503d) Importer(815301076,1909f56bfc062723c751e8b465ee728b)  -> (artifact id: 'eb48e48580c1cb248f75e0789dde7591') in 0.062869 seconds 
========================================================================
Received Import Request.
  Time since last request: 0.000474 seconds.
  path: Assets/Standard Assets/Characters/FirstPersonCharacter/Audio/Jump.wav
  artifactKey: Guid(5897aeed9b676024fbb8c694b421a861) Importer(815301076,1909f56bfc062723c751e8b465ee728b)
Start importing Assets/Standard Assets/Characters/FirstPersonCharacter/Audio/Jump.wav using Guid(5897aeed9b676024fbb8c694b421a861) Importer(815301076,1909f56bfc062723c751e8b465ee728b)  -> (artifact id: '0001653149b2b5ca020bbaacb20ec860') in 0.077753 seconds 
========================================================================
Received Import Request.
  Time since last request: 0.000457 seconds.
  path: Assets/Standard Assets/Characters/FirstPersonCharacter/Audio/Footstep04.wav
  artifactKey: Guid(e9714160ce34f2b4ab63ff8c27bd68e1) Importer(815301076,1909f56bfc062723c751e8b465ee728b)
Start importing Assets/Standard Assets/Characters/FirstPersonCharacter/Audio/Footstep04.wav using Guid(e9714160ce34f2b4ab63ff8c27bd68e1) Importer(815301076,1909f56bfc062723c751e8b465ee728b)  -> (artifact id: 'd7b0d5982604dd3c0f53b1718237dea4') in 0.040769 seconds 
========================================================================
Received Import Request.
  Time since last request: 116.675412 seconds.
  path: Assets/SampleScenes
  artifactKey: Guid(3d8829ac873af27488b1412b8db301ab) Importer(815301076,1909f56bfc062723c751e8b465ee728b)
Start importing Assets/SampleScenes using Guid(3d8829ac873af27488b1412b8db301ab) Importer(815301076,1909f56bfc062723c751e8b465ee728b)  -> (artifact id: 'ef1142f46e2c410b6040e8c75a1090c0') in 0.024313 seconds 
========================================================================
Received Import Request.
  Time since last request: 4.277840 seconds.
  path: Assets/Models
  artifactKey: Guid(77f8434b5c8ee084e806730c469dc262) Importer(815301076,1909f56bfc062723c751e8b465ee728b)
Start importing Assets/Models using Guid(77f8434b5c8ee084e806730c469dc262) Importer(815301076,1909f56bfc062723c751e8b465ee728b)  -> (artifact id: 'f347fa69e26a3b3120c95ffba61b960f') in 0.017881 seconds 
========================================================================
Received Prepare
Registering precompiled user dll's ...
Registered in 0.018310 seconds.
Begin MonoManager ReloadAssembly
Symbol file LoadedFromMemory doesn't match image C:\Users\Sina\Desktop\Project\Project\Library\PackageCache\com.unity.visualscripting@1.6.1\Editor\VisualScripting.Core\Dependencies\YamlDotNet\Unity.VisualScripting.YamlDotNet.dll
Symbol file LoadedFromMemory doesn't match image C:\Users\Sina\Desktop\Project\Project\Library\PackageCache\com.unity.visualscripting@1.6.1\Editor\VisualScripting.Core\Dependencies\DotNetZip\Unity.VisualScripting.IonicZip.dll
Native extension for LinuxStandalone target not found
Native extension for WindowsStandalone target not found
Native extension for OSXStandalone target not found
Native extension for WebGL target not found
Refreshing native plugins compatible for Editor in 1.21 ms, found 1 plugins.
Preloading 0 native plugins for Editor in 0.00 ms.
Mono: successfully reloaded assembly
- Completed reload, in  2.283 seconds
Platform modules already initialized, skipping
Refreshing native plugins compatible for Editor in 1.90 ms, found 1 plugins.
Preloading 0 native plugins for Editor in 0.00 ms.
Unloading 2831 Unused Serialized files (Serialized files now loaded: 0)
System memory in use before: 116.1 MB.
System memory in use after: 116.3 MB.

Unloading 114 unused Assets to reduce memory usage. Loaded Objects now: 3338.
Total: 9.745900 ms (FindLiveObjects: 1.021100 ms CreateObjectMapping: 0.614500 ms MarkObjects: 7.874000 ms  DeleteObjects: 0.232200 ms)

========================================================================
Received Import Request.
  Time since last request: 218.449632 seconds.
  path: Assets/Standard Assets/Characters/FirstPersonCharacter/Scripts
  artifactKey: Guid(314f49b24dc9d5d40956a7b28c67b237) Importer(815301076,1909f56bfc062723c751e8b465ee728b)
Start importing Assets/Standard Assets/Characters/FirstPersonCharacter/Scripts using Guid(314f49b24dc9d5d40956a7b28c67b237) Importer(815301076,1909f56bfc062723c751e8b465ee728b)  -> (artifact id: 'cd3957034496a281d25cb7d2bc186cab') in 0.047601 seconds 
========================================================================
Received Import Request.
  Time since last request: 859.190382 seconds.
  path: Assets/Standard Assets/Characters/FirstPersonCharacter/Scripts/FirstPersonController.cs
  artifactKey: Guid(05ec5cf00ca181d45a42ba1870e148c3) Importer(815301076,1909f56bfc062723c751e8b465ee728b)
Start importing Assets/Standard Assets/Characters/FirstPersonCharacter/Scripts/FirstPersonController.cs using Guid(05ec5cf00ca181d45a42ba1870e148c3) Importer(815301076,1909f56bfc062723c751e8b465ee728b)  -> (artifact id: 'b57932b5526a661a44f2f409343756c3') in 2.892267 seconds 
