Using pre-set license
Built from '2021.1/staging' branch; Version is '2021.1.7f1 (d91830b65d9b) revision 14227504'; Using compiler version '192528614'; Build Type 'Release'
OS: 'Windows 10 Pro; OS build 22000.556; Version 2009; 64bit' Language: 'en' Physical Memory: 4014 MB
BatchMode: 1, IsHumanControllingUs: 0, StartBugReporterOnCrash: 0, Is64bit: 1, IsPro: 0

 COMMAND LINE ARGUMENTS:
C:\Program Files\Unity 2021.1.7f1\Editor\Unity.exe
-adb2
-batchMode
-noUpm
-name
AssetImportWorker7
-projectPath
C:/Users/Sony/OneDrive/Desktop/Project/Project
-logFile
Logs/AssetImportWorker7.log
-srvPort
54409
Successfully changed project path to: C:/Users/Sony/OneDrive/Desktop/Project/Project
C:/Users/Sony/OneDrive/Desktop/Project/Project
Using Asset Import Pipeline V2.
Refreshing native plugins compatible for Editor in 291.30 ms, found 1 plugins.
Preloading 0 native plugins for Editor in 0.00 ms.
Initialize engine version: 2021.1.7f1 (d91830b65d9b)
[Subsystems] Discovering subsystems at path C:/Program Files/Unity 2021.1.7f1/Editor/Data/Resources/UnitySubsystems
[Subsystems] Discovering subsystems at path C:/Users/Sony/OneDrive/Desktop/Project/Project/Assets
GfxDevice: creating device client; threaded=0; jobified=0
Direct3D:
    Version:  Direct3D 11.0 [level 10.1]
    Renderer: NVIDIA GeForce GT 330M   (ID=0xa2b)
    Vendor:   NVIDIA
    VRAM:     459 MB
    Driver:   21.21.13.4201
Initialize mono
Mono path[0] = 'C:/Program Files/Unity 2021.1.7f1/Editor/Data/Managed'
Mono path[1] = 'C:/Program Files/Unity 2021.1.7f1/Editor/Data/MonoBleedingEdge/lib/mono/unityjit'
Mono config path = 'C:/Program Files/Unity 2021.1.7f1/Editor/Data/MonoBleedingEdge/etc'
Using monoOptions --debugger-agent=transport=dt_socket,embedding=1,server=y,suspend=n,address=127.0.0.1:56000
Begin MonoManager ReloadAssembly
Registering precompiled unity dll's ...
Register platform support module: C:/Program Files/Unity 2021.1.7f1/Editor/Data/PlaybackEngines/WebGLSupport/UnityEditor.WebGL.Extensions.dll
Register platform support module: C:/Program Files/Unity 2021.1.7f1/Editor/Data/PlaybackEngines/MacStandaloneSupport/UnityEditor.OSXStandalone.Extensions.dll
Register platform support module: C:/Program Files/Unity 2021.1.7f1/Editor/Data/PlaybackEngines/WindowsStandaloneSupport/UnityEditor.WindowsStandalone.Extensions.dll
Register platform support module: C:/Program Files/Unity 2021.1.7f1/Editor/Data/PlaybackEngines/LinuxStandaloneSupport/UnityEditor.LinuxStandalone.Extensions.dll
Registered in 0.007701 seconds.
Native extension for LinuxStandalone target not found
Native extension for WindowsStandalone target not found
Native extension for OSXStandalone target not found
Native extension for WebGL target not found
Refreshing native plugins compatible for Editor in 168.74 ms, found 1 plugins.
Preloading 0 native plugins for Editor in 0.00 ms.
Mono: successfully reloaded assembly
- Completed reload, in  4.087 seconds
Platform modules already initialized, skipping
Registering precompiled user dll's ...
Registered in 0.008429 seconds.
Begin MonoManager ReloadAssembly
Symbol file LoadedFromMemory doesn't match image C:\Users\Sony\OneDrive\Desktop\Project\Project\Library\PackageCache\com.unity.visualscripting@1.6.1\Editor\VisualScripting.Core\Dependencies\YamlDotNet\Unity.VisualScripting.YamlDotNet.dll
Symbol file LoadedFromMemory doesn't match image C:\Users\Sony\OneDrive\Desktop\Project\Project\Library\PackageCache\com.unity.visualscripting@1.6.1\Editor\VisualScripting.Core\Dependencies\DotNetZip\Unity.VisualScripting.IonicZip.dll
Native extension for LinuxStandalone target not found
Native extension for WindowsStandalone target not found
Native extension for OSXStandalone target not found
Native extension for WebGL target not found
Refreshing native plugins compatible for Editor in 1.56 ms, found 1 plugins.
Preloading 0 native plugins for Editor in 0.00 ms.
Mono: successfully reloaded assembly
- Completed reload, in  2.899 seconds
Platform modules already initialized, skipping
========================================================================
Worker process is ready to serve import requests
Launched and connected shader compiler UnityShaderCompiler.exe after 0.55 seconds
Refreshing native plugins compatible for Editor in 1.80 ms, found 1 plugins.
Preloading 0 native plugins for Editor in 0.00 ms.
Unloading 2839 Unused Serialized files (Serialized files now loaded: 0)
System memory in use before: 105.1 MB.
System memory in use after: 105.3 MB.

Unloading 16 unused Assets to reduce memory usage. Loaded Objects now: 3297.
Total: 6.775900 ms (FindLiveObjects: 0.552300 ms CreateObjectMapping: 0.242200 ms MarkObjects: 5.805900 ms  DeleteObjects: 0.172100 ms)

========================================================================
Received Import Request.
  path: Assets/Standard Assets/ParticleSystems/Prefabs/Smoke 1.prefab
  artifactKey: Guid(ef9d474068bd61b44a753e001ac59efc) Importer(815301076,1909f56bfc062723c751e8b465ee728b)
Start importing Assets/Standard Assets/ParticleSystems/Prefabs/Smoke 1.prefab using Guid(ef9d474068bd61b44a753e001ac59efc) Importer(815301076,1909f56bfc062723c751e8b465ee728b)  -> (artifact id: 'e5a0913ff272110347b056c7b2177641') in 0.501891 seconds 
========================================================================
Received Import Request.
  Time since last request: 0.001047 seconds.
  path: Assets/Standard Assets/ParticleSystems/Prefabs/Flare.prefab
  artifactKey: Guid(0438351a6e6422d43a09930e9be00ee9) Importer(815301076,1909f56bfc062723c751e8b465ee728b)
Start importing Assets/Standard Assets/ParticleSystems/Prefabs/Flare.prefab using Guid(0438351a6e6422d43a09930e9be00ee9) Importer(815301076,1909f56bfc062723c751e8b465ee728b)  -> (artifact id: 'f87cdf9a643ef08951f3a00f33d1ff91') in 0.082243 seconds 
========================================================================
Received Import Request.
  Time since last request: 25.195049 seconds.
  path: Assets/Pistol.cs
  artifactKey: Guid(756e4d2a22af2c9488501ecc0f34d747) Importer(815301076,1909f56bfc062723c751e8b465ee728b)
Start importing Assets/Pistol.cs using Guid(756e4d2a22af2c9488501ecc0f34d747) Importer(815301076,1909f56bfc062723c751e8b465ee728b)  -> (artifact id: '7e0615090cba1adb9d1fc3276b6b1b7c') in 0.349713 seconds 
========================================================================
Received Prepare
Refreshing native plugins compatible for Editor in 497.70 ms, found 1 plugins.
Preloading 0 native plugins for Editor in 0.00 ms.
Unloading 9 Unused Serialized files (Serialized files now loaded: 0)
System memory in use before: 48.8 MB.
System memory in use after: 49.0 MB.

Unloading 9 unused Assets to reduce memory usage. Loaded Objects now: 3297.
Total: 6.096900 ms (FindLiveObjects: 0.463000 ms CreateObjectMapping: 0.189800 ms MarkObjects: 5.323300 ms  DeleteObjects: 0.118000 ms)

========================================================================
Received Import Request.
  Time since last request: 744.355073 seconds.
  path: Assets/Pistol.cs
  artifactKey: Guid(756e4d2a22af2c9488501ecc0f34d747) Importer(815301076,1909f56bfc062723c751e8b465ee728b)
Start importing Assets/Pistol.cs using Guid(756e4d2a22af2c9488501ecc0f34d747) Importer(815301076,1909f56bfc062723c751e8b465ee728b)  -> (artifact id: '3826fe955b0b6c5bc4950b4b92d24fa4') in 0.093207 seconds 
========================================================================
Received Prepare
Registering precompiled user dll's ...
Registered in 0.172052 seconds.
Begin MonoManager ReloadAssembly
Symbol file LoadedFromMemory doesn't match image C:\Users\Sony\OneDrive\Desktop\Project\Project\Library\PackageCache\com.unity.visualscripting@1.6.1\Editor\VisualScripting.Core\Dependencies\YamlDotNet\Unity.VisualScripting.YamlDotNet.dll
Symbol file LoadedFromMemory doesn't match image C:\Users\Sony\OneDrive\Desktop\Project\Project\Library\PackageCache\com.unity.visualscripting@1.6.1\Editor\VisualScripting.Core\Dependencies\DotNetZip\Unity.VisualScripting.IonicZip.dll
Native extension for LinuxStandalone target not found
Native extension for WindowsStandalone target not found
Native extension for OSXStandalone target not found
Native extension for WebGL target not found
Refreshing native plugins compatible for Editor in 2.02 ms, found 1 plugins.
Preloading 0 native plugins for Editor in 0.00 ms.
Mono: successfully reloaded assembly
- Completed reload, in  3.937 seconds
Platform modules already initialized, skipping
Refreshing native plugins compatible for Editor in 2.08 ms, found 1 plugins.
Preloading 0 native plugins for Editor in 0.00 ms.
Unloading 2830 Unused Serialized files (Serialized files now loaded: 0)
System memory in use before: 104.8 MB.
System memory in use after: 105.0 MB.

Unloading 11 unused Assets to reduce memory usage. Loaded Objects now: 3299.
Total: 5.702200 ms (FindLiveObjects: 0.503300 ms CreateObjectMapping: 0.239100 ms MarkObjects: 4.805700 ms  DeleteObjects: 0.150000 ms)

========================================================================
Received Import Request.
  Time since last request: 428.311564 seconds.
  path: Assets/Standard Assets/ParticleSystems/Materials/ParticleSmokeMobile.mat
  artifactKey: Guid(473d6d3ec0d161b4a85e466c8c6da3fb) Importer(815301076,1909f56bfc062723c751e8b465ee728b)
Start importing Assets/Standard Assets/ParticleSystems/Materials/ParticleSmokeMobile.mat using Guid(473d6d3ec0d161b4a85e466c8c6da3fb) Importer(815301076,1909f56bfc062723c751e8b465ee728b)  -> (artifact id: 'df27ddfdb102a55a90f34fb0496ff901') in 2.500193 seconds 
========================================================================
Received Import Request.
  Time since last request: 0.000795 seconds.
  path: Assets/Standard Assets/ParticleSystems/Materials/ParticleFlames.mat
  artifactKey: Guid(3bfa2f095c911d649bf4cb92a55ac974) Importer(815301076,1909f56bfc062723c751e8b465ee728b)
Start importing Assets/Standard Assets/ParticleSystems/Materials/ParticleFlames.mat using Guid(3bfa2f095c911d649bf4cb92a55ac974) Importer(815301076,1909f56bfc062723c751e8b465ee728b)  -> (artifact id: 'f4421e56e5c29f1c99ec5ab78e15f67c') in 0.430290 seconds 
========================================================================
Received Import Request.
  Time since last request: 0.000729 seconds.
  path: Assets/Standard Assets/ParticleSystems/Materials/ParticleDuststorm.mat
  artifactKey: Guid(7911795df27dd464190eed77dda90191) Importer(815301076,1909f56bfc062723c751e8b465ee728b)
Start importing Assets/Standard Assets/ParticleSystems/Materials/ParticleDuststorm.mat using Guid(7911795df27dd464190eed77dda90191) Importer(815301076,1909f56bfc062723c751e8b465ee728b)  -> (artifact id: '865e6c3f24a3896637c0d927df23c29a') in 0.510796 seconds 
========================================================================
Received Import Request.
  Time since last request: 0.000676 seconds.
  path: Assets/Standard Assets/ParticleSystems/Materials/ParticleFirecloud.mat
  artifactKey: Guid(77d08210df254d845885518314593544) Importer(815301076,1909f56bfc062723c751e8b465ee728b)
Start importing Assets/Standard Assets/ParticleSystems/Materials/ParticleFirecloud.mat using Guid(77d08210df254d845885518314593544) Importer(815301076,1909f56bfc062723c751e8b465ee728b)  -> (artifact id: 'b8fad6377ca0f2a3abc3da83230e8601') in 0.322918 seconds 
========================================================================
Received Import Request.
  Time since last request: 0.000529 seconds.
  path: Assets/Standard Assets/ParticleSystems/Materials/ParticleWaterSpray.mat
  artifactKey: Guid(09a99b10658931c46a438c586a49ec65) Importer(815301076,1909f56bfc062723c751e8b465ee728b)
Start importing Assets/Standard Assets/ParticleSystems/Materials/ParticleWaterSpray.mat using Guid(09a99b10658931c46a438c586a49ec65) Importer(815301076,1909f56bfc062723c751e8b465ee728b)  -> (artifact id: 'e1dab892ddc952f6a18b000ae9da90ac') in 0.220705 seconds 
========================================================================
Received Import Request.
  Time since last request: 0.000582 seconds.
  path: Assets/Standard Assets/ParticleSystems/Materials/ParticleSteamMobile.mat
  artifactKey: Guid(ed1b89d39279f564ea077ad8e46f3595) Importer(815301076,1909f56bfc062723c751e8b465ee728b)
Start importing Assets/Standard Assets/ParticleSystems/Materials/ParticleSteamMobile.mat using Guid(ed1b89d39279f564ea077ad8e46f3595) Importer(815301076,1909f56bfc062723c751e8b465ee728b)  -> (artifact id: 'dc92e9ecb50cb3d37e259baf9a08b5c4') in 0.176397 seconds 
========================================================================
Received Import Request.
  Time since last request: 0.000642 seconds.
  path: Assets/Standard Assets/ParticleSystems/Materials/ParticleFlameLicks.mat
  artifactKey: Guid(30289309b0c21224ea5b6fcc73b07d59) Importer(815301076,1909f56bfc062723c751e8b465ee728b)
Start importing Assets/Standard Assets/ParticleSystems/Materials/ParticleFlameLicks.mat using Guid(30289309b0c21224ea5b6fcc73b07d59) Importer(815301076,1909f56bfc062723c751e8b465ee728b)  -> (artifact id: '58f368c956b897c5c3304fa9fa692c68') in 0.399926 seconds 
========================================================================
Received Import Request.
  Time since last request: 0.000962 seconds.
  path: Assets/Standard Assets/ParticleSystems/Materials/ParticleSmokeVertlit.mat
  artifactKey: Guid(225843b6084e75440a6ea970a17c93aa) Importer(815301076,1909f56bfc062723c751e8b465ee728b)
Start importing Assets/Standard Assets/ParticleSystems/Materials/ParticleSmokeVertlit.mat using Guid(225843b6084e75440a6ea970a17c93aa) Importer(815301076,1909f56bfc062723c751e8b465ee728b)  -> (artifact id: 'b4041fc59e3ddc55b186add7eb09e116') in 0.564009 seconds 
========================================================================
Received Import Request.
  Time since last request: 0.000632 seconds.
  path: Assets/Standard Assets/ParticleSystems/Materials/ParticleFireball.mat
  artifactKey: Guid(26ea534dcd83fe14c9173a52e151cce8) Importer(815301076,1909f56bfc062723c751e8b465ee728b)
Start importing Assets/Standard Assets/ParticleSystems/Materials/ParticleFireball.mat using Guid(26ea534dcd83fe14c9173a52e151cce8) Importer(815301076,1909f56bfc062723c751e8b465ee728b)  -> (artifact id: 'b0508e6c92d172092fe45c020376a6f0') in 0.230501 seconds 
========================================================================
Received Import Request.
  Time since last request: 0.000799 seconds.
  path: Assets/Standard Assets/ParticleSystems/Materials/ParticleSpray.mat
  artifactKey: Guid(3062613153ea47f42a262f065fec69d1) Importer(815301076,1909f56bfc062723c751e8b465ee728b)
Start importing Assets/Standard Assets/ParticleSystems/Materials/ParticleSpray.mat using Guid(3062613153ea47f42a262f065fec69d1) Importer(815301076,1909f56bfc062723c751e8b465ee728b)  -> (artifact id: 'd0609d4befe5b1e313cf38eac2de4585') in 0.177018 seconds 
========================================================================
Received Import Request.
  Time since last request: 0.001066 seconds.
  path: Assets/Standard Assets/ParticleSystems/Materials/ParticleGlow.mat
  artifactKey: Guid(c10b1630d5621ec48a17223c3c102023) Importer(815301076,1909f56bfc062723c751e8b465ee728b)
Start importing Assets/Standard Assets/ParticleSystems/Materials/ParticleGlow.mat using Guid(c10b1630d5621ec48a17223c3c102023) Importer(815301076,1909f56bfc062723c751e8b465ee728b)  -> (artifact id: '1ab38d3d019b9e6d721555678c6a38ce') in 0.336127 seconds 
========================================================================
Received Import Request.
  Time since last request: 0.000635 seconds.
  path: Assets/Standard Assets/ParticleSystems/Materials/ParticleAfterburner.mat
  artifactKey: Guid(89ff19d667a6a5d4bb76df1fcb718402) Importer(815301076,1909f56bfc062723c751e8b465ee728b)
Start importing Assets/Standard Assets/ParticleSystems/Materials/ParticleAfterburner.mat using Guid(89ff19d667a6a5d4bb76df1fcb718402) Importer(815301076,1909f56bfc062723c751e8b465ee728b)  -> (artifact id: '9243e1e57862acf02a883ecd90e8fafb') in 0.165538 seconds 
========================================================================
Received Import Request.
  Time since last request: 0.000520 seconds.
  path: Assets/Standard Assets/ParticleSystems/Materials/ParticleSplashes.mat
  artifactKey: Guid(ff6663d927968dc4482d24a8495316de) Importer(815301076,1909f56bfc062723c751e8b465ee728b)
Start importing Assets/Standard Assets/ParticleSystems/Materials/ParticleSplashes.mat using Guid(ff6663d927968dc4482d24a8495316de) Importer(815301076,1909f56bfc062723c751e8b465ee728b)  -> (artifact id: '9f9f31303f6cab22d8e20855d1665348') in 0.377463 seconds 
========================================================================
Received Import Request.
  Time since last request: 33.761033 seconds.
  path: Assets/Standard Assets/ParticleSystems/Textures/ParticleBokeh.png
  artifactKey: Guid(732e2eebfe574ca47ba46cc3a67965fd) Importer(815301076,1909f56bfc062723c751e8b465ee728b)
Start importing Assets/Standard Assets/ParticleSystems/Textures/ParticleBokeh.png using Guid(732e2eebfe574ca47ba46cc3a67965fd) Importer(815301076,1909f56bfc062723c751e8b465ee728b)  -> (artifact id: 'b1bb2799159b3712fa54130507a19c1d') in 2.409805 seconds 
========================================================================
Received Import Request.
  Time since last request: 0.000665 seconds.
  path: Assets/Standard Assets/ParticleSystems/Textures/ParticleFireballSheet.png
  artifactKey: Guid(87be4190eae46cf459ae6177b8698f03) Importer(815301076,1909f56bfc062723c751e8b465ee728b)
Start importing Assets/Standard Assets/ParticleSystems/Textures/ParticleFireballSheet.png using Guid(87be4190eae46cf459ae6177b8698f03) Importer(815301076,1909f56bfc062723c751e8b465ee728b)  -> (artifact id: '22e51e80aae7d4f90be5700710729673') in 0.218596 seconds 
========================================================================
Received Import Request.
  Time since last request: 0.000654 seconds.
  path: Assets/Standard Assets/ParticleSystems/Textures/ParticleFlare.png
  artifactKey: Guid(76b24fa8a46a2c14f9a7df1e975dc4b9) Importer(815301076,1909f56bfc062723c751e8b465ee728b)
Start importing Assets/Standard Assets/ParticleSystems/Textures/ParticleFlare.png using Guid(76b24fa8a46a2c14f9a7df1e975dc4b9) Importer(815301076,1909f56bfc062723c751e8b465ee728b)  -> (artifact id: 'dce7354785610f19ffaba4ca91c47dc9') in 0.380040 seconds 
========================================================================
Received Import Request.
  Time since last request: 0.000265 seconds.
  path: Assets/Standard Assets/ParticleSystems/Textures/ParticleFlameLickSheet.png
  artifactKey: Guid(3587b30505d00a44c87d9c3b9d8bc35c) Importer(815301076,1909f56bfc062723c751e8b465ee728b)
Start importing Assets/Standard Assets/ParticleSystems/Textures/ParticleFlameLickSheet.png using Guid(3587b30505d00a44c87d9c3b9d8bc35c) Importer(815301076,1909f56bfc062723c751e8b465ee728b)  -> (artifact id: '5c1d32b59e271df017071b50f619fe4a') in 0.138735 seconds 
========================================================================
Received Import Request.
  Time since last request: 0.000541 seconds.
  path: Assets/Standard Assets/ParticleSystems/Textures/ParticleFlamesSheet.png
  artifactKey: Guid(4e505ad81f5b19c4cb6f445d36463955) Importer(815301076,1909f56bfc062723c751e8b465ee728b)
Start importing Assets/Standard Assets/ParticleSystems/Textures/ParticleFlamesSheet.png using Guid(4e505ad81f5b19c4cb6f445d36463955) Importer(815301076,1909f56bfc062723c751e8b465ee728b)  -> (artifact id: '217f52524f7002baa27405594a0d035d') in 0.165001 seconds 
========================================================================
Received Import Request.
  Time since last request: 0.000533 seconds.
  path: Assets/Standard Assets/ParticleSystems/Textures/ParticleFirecloud.png
  artifactKey: Guid(c3d66a8056f9db345b1ea380aa7e815d) Importer(815301076,1909f56bfc062723c751e8b465ee728b)
Start importing Assets/Standard Assets/ParticleSystems/Textures/ParticleFirecloud.png using Guid(c3d66a8056f9db345b1ea380aa7e815d) Importer(815301076,1909f56bfc062723c751e8b465ee728b)  -> (artifact id: 'd527888536a0729a9860df6e8b6fbc24') in 0.059183 seconds 
========================================================================
Received Import Request.
  Time since last request: 0.000575 seconds.
  path: Assets/Standard Assets/ParticleSystems/Textures/Spark.png
  artifactKey: Guid(269490de66e33a34dad45a50e3d4c168) Importer(815301076,1909f56bfc062723c751e8b465ee728b)
Start importing Assets/Standard Assets/ParticleSystems/Textures/Spark.png using Guid(269490de66e33a34dad45a50e3d4c168) Importer(815301076,1909f56bfc062723c751e8b465ee728b)  -> (artifact id: '932ecd2dd2723d28f643e84d5deac340') in 0.118508 seconds 
========================================================================
Received Import Request.
  Time since last request: 0.000544 seconds.
  path: Assets/Standard Assets/ParticleSystems/Textures/ParticleCloudWhite.png
  artifactKey: Guid(5b303ff28ad9368468a2edd759cf458d) Importer(815301076,1909f56bfc062723c751e8b465ee728b)
Start importing Assets/Standard Assets/ParticleSystems/Textures/ParticleCloudWhite.png using Guid(5b303ff28ad9368468a2edd759cf458d) Importer(815301076,1909f56bfc062723c751e8b465ee728b)  -> (artifact id: 'c2bd49060d2c0eb1454b6b6adc7ad8d3') in 0.128431 seconds 
========================================================================
Received Import Request.
  Time since last request: 0.000892 seconds.
  path: Assets/Standard Assets/ParticleSystems/Textures/SplashesLargeParticle.png
  artifactKey: Guid(832dc5a2501052b4d8f685a7cda3b30b) Importer(815301076,1909f56bfc062723c751e8b465ee728b)
Start importing Assets/Standard Assets/ParticleSystems/Textures/SplashesLargeParticle.png using Guid(832dc5a2501052b4d8f685a7cda3b30b) Importer(815301076,1909f56bfc062723c751e8b465ee728b)  -> (artifact id: 'de0884e76bf6837439ca9a54b44ebf87') in 0.370745 seconds 
========================================================================
Received Import Request.
  Time since last request: 0.000629 seconds.
  path: Assets/Standard Assets/ParticleSystems/Textures/ParticleCloudBlack.png
  artifactKey: Guid(830884c18cf5e7a4895ee02c2dcd8e12) Importer(815301076,1909f56bfc062723c751e8b465ee728b)
Start importing Assets/Standard Assets/ParticleSystems/Textures/ParticleCloudBlack.png using Guid(830884c18cf5e7a4895ee02c2dcd8e12) Importer(815301076,1909f56bfc062723c751e8b465ee728b)  -> (artifact id: '62ef072345c273cb907783d7d6ff8d57') in 0.290075 seconds 
========================================================================
Received Import Request.
  Time since last request: 0.001290 seconds.
  path: Assets/Standard Assets/ParticleSystems/Textures/SplashesFineParticle.png
  artifactKey: Guid(8e44fe896458128418bff33ed3981421) Importer(815301076,1909f56bfc062723c751e8b465ee728b)
Start importing Assets/Standard Assets/ParticleSystems/Textures/SplashesFineParticle.png using Guid(8e44fe896458128418bff33ed3981421) Importer(815301076,1909f56bfc062723c751e8b465ee728b)  -> (artifact id: '40893ce91314542f34f3ddd2da062112') in 0.285042 seconds 
========================================================================
Received Import Request.
  Time since last request: 8.270174 seconds.
  path: Assets/Flare Variant.prefab
  artifactKey: Guid(1a14d9797cf34c7498a197412ca79118) Importer(815301076,1909f56bfc062723c751e8b465ee728b)
Start importing Assets/Flare Variant.prefab using Guid(1a14d9797cf34c7498a197412ca79118) Importer(815301076,1909f56bfc062723c751e8b465ee728b)  -> (artifact id: '9370a746c9cc710f71301afb12740320') in 0.117966 seconds 
========================================================================
Received Prepare
Registering precompiled user dll's ...
Registered in 0.011120 seconds.
Begin MonoManager ReloadAssembly
Symbol file LoadedFromMemory doesn't match image C:\Users\Sony\OneDrive\Desktop\Project\Project\Library\PackageCache\com.unity.visualscripting@1.6.1\Editor\VisualScripting.Core\Dependencies\YamlDotNet\Unity.VisualScripting.YamlDotNet.dll
Symbol file LoadedFromMemory doesn't match image C:\Users\Sony\OneDrive\Desktop\Project\Project\Library\PackageCache\com.unity.visualscripting@1.6.1\Editor\VisualScripting.Core\Dependencies\DotNetZip\Unity.VisualScripting.IonicZip.dll
Native extension for LinuxStandalone target not found
Native extension for WindowsStandalone target not found
Native extension for OSXStandalone target not found
Native extension for WebGL target not found
Refreshing native plugins compatible for Editor in 1.13 ms, found 1 plugins.
Preloading 0 native plugins for Editor in 0.00 ms.
Mono: successfully reloaded assembly
- Completed reload, in  3.886 seconds
Platform modules already initialized, skipping
Refreshing native plugins compatible for Editor in 1.60 ms, found 1 plugins.
Preloading 0 native plugins for Editor in 0.00 ms.
Unloading 2841 Unused Serialized files (Serialized files now loaded: 0)
System memory in use before: 114.4 MB.
System memory in use after: 114.6 MB.

Unloading 12 unused Assets to reduce memory usage. Loaded Objects now: 3513.
Total: 5.279400 ms (FindLiveObjects: 0.484700 ms CreateObjectMapping: 0.207500 ms MarkObjects: 4.426900 ms  DeleteObjects: 0.157000 ms)

